2020-09-20 16:00:28,787 INFO  [localhost-startStop-1] common.KylinConfig:118 : Loading kylin-defaults.properties from file:/home/admin/apache-kylin-3.1.0-bin-hbase1x/tomcat/webapps/kylin/WEB-INF/lib/kylin-core-common-3.1.0.jar!/kylin-defaults.properties
2020-09-20 16:00:28,799 DEBUG [localhost-startStop-1] common.KylinConfig:346 : KYLIN_CONF property was not set, will seek KYLIN_HOME env variable
2020-09-20 16:00:28,800 INFO  [localhost-startStop-1] common.KylinConfig:352 : Use KYLIN_HOME=/home/admin/apache-kylin-3.1.0-bin-hbase1x
2020-09-20 16:00:28,802 INFO  [localhost-startStop-1] common.KylinConfig:153 : Initialized a new KylinConfig from getInstanceFromEnv : 726995619
2020-09-20 16:00:29,345 INFO  [localhost-startStop-1] core.SpringSecurityCoreVersion:75 : You are running with Spring Security Core 4.2.14.RELEASE
2020-09-20 16:00:29,345 INFO  [localhost-startStop-1] core.SpringSecurityCoreVersion:75 : You are running with Spring Security Core 4.2.14.RELEASE
2020-09-20 16:00:29,348 WARN  [localhost-startStop-1] core.SpringSecurityCoreVersion:78 : **** You are advised to use Spring 4.3.26.RELEASE or later with this version. You are running: 4.3.20.RELEASE
2020-09-20 16:00:29,348 WARN  [localhost-startStop-1] core.SpringSecurityCoreVersion:78 : **** You are advised to use Spring 4.3.26.RELEASE or later with this version. You are running: 4.3.20.RELEASE
2020-09-20 16:00:29,349 INFO  [localhost-startStop-1] config.SecurityNamespaceHandler:78 : Spring Security 'config' module version is 4.2.14.RELEASE
2020-09-20 16:00:29,349 INFO  [localhost-startStop-1] config.SecurityNamespaceHandler:78 : Spring Security 'config' module version is 4.2.14.RELEASE
2020-09-20 16:00:29,362 INFO  [localhost-startStop-1] method.GlobalMethodSecurityBeanDefinitionParser:176 : Using bean 'expressionHandler' as method ExpressionHandler implementation
2020-09-20 16:00:29,362 INFO  [localhost-startStop-1] method.GlobalMethodSecurityBeanDefinitionParser:176 : Using bean 'expressionHandler' as method ExpressionHandler implementation
2020-09-20 16:00:29,393 INFO  [localhost-startStop-1] http.FilterInvocationSecurityMetadataSourceParser:194 : Creating access control expression attribute 'permitAll' for /api/user/authentication*/**
2020-09-20 16:00:29,393 INFO  [localhost-startStop-1] http.FilterInvocationSecurityMetadataSourceParser:194 : Creating access control expression attribute 'permitAll' for /api/user/authentication*/**
2020-09-20 16:00:29,393 INFO  [localhost-startStop-1] http.FilterInvocationSecurityMetadataSourceParser:194 : Creating access control expression attribute 'permitAll' for /api/cubes/checkCompatibility
2020-09-20 16:00:29,393 INFO  [localhost-startStop-1] http.FilterInvocationSecurityMetadataSourceParser:194 : Creating access control expression attribute 'permitAll' for /api/cubes/checkCompatibility
2020-09-20 16:00:29,394 INFO  [localhost-startStop-1] http.FilterInvocationSecurityMetadataSourceParser:194 : Creating access control expression attribute 'permitAll' for /api/cubes/checkCompatibility/hiveTable
2020-09-20 16:00:29,394 INFO  [localhost-startStop-1] http.FilterInvocationSecurityMetadataSourceParser:194 : Creating access control expression attribute 'permitAll' for /api/cubes/checkCompatibility/hiveTable
2020-09-20 16:00:29,394 INFO  [localhost-startStop-1] http.FilterInvocationSecurityMetadataSourceParser:194 : Creating access control expression attribute 'hasRole('ROLE_ADMIN')' for /api/query/runningQueries
2020-09-20 16:00:29,394 INFO  [localhost-startStop-1] http.FilterInvocationSecurityMetadataSourceParser:194 : Creating access control expression attribute 'hasRole('ROLE_ADMIN')' for /api/query/runningQueries
2020-09-20 16:00:29,394 INFO  [localhost-startStop-1] http.FilterInvocationSecurityMetadataSourceParser:194 : Creating access control expression attribute 'hasRole('ROLE_ADMIN')' for /api/query/*/stop
2020-09-20 16:00:29,394 INFO  [localhost-startStop-1] http.FilterInvocationSecurityMetadataSourceParser:194 : Creating access control expression attribute 'hasRole('ROLE_ADMIN')' for /api/query/*/stop
2020-09-20 16:00:29,394 INFO  [localhost-startStop-1] http.FilterInvocationSecurityMetadataSourceParser:194 : Creating access control expression attribute 'isAuthenticated()' for /api/query*/**
2020-09-20 16:00:29,394 INFO  [localhost-startStop-1] http.FilterInvocationSecurityMetadataSourceParser:194 : Creating access control expression attribute 'isAuthenticated()' for /api/query*/**
2020-09-20 16:00:29,394 INFO  [localhost-startStop-1] http.FilterInvocationSecurityMetadataSourceParser:194 : Creating access control expression attribute 'isAuthenticated()' for /api/metadata*/**
2020-09-20 16:00:29,394 INFO  [localhost-startStop-1] http.FilterInvocationSecurityMetadataSourceParser:194 : Creating access control expression attribute 'isAuthenticated()' for /api/metadata*/**
2020-09-20 16:00:29,394 INFO  [localhost-startStop-1] http.FilterInvocationSecurityMetadataSourceParser:194 : Creating access control expression attribute 'permitAll' for /api/**/metrics
2020-09-20 16:00:29,394 INFO  [localhost-startStop-1] http.FilterInvocationSecurityMetadataSourceParser:194 : Creating access control expression attribute 'permitAll' for /api/**/metrics
2020-09-20 16:00:29,395 INFO  [localhost-startStop-1] http.FilterInvocationSecurityMetadataSourceParser:194 : Creating access control expression attribute 'hasRole('ROLE_ADMIN')' for /api/**/jmetrics/**
2020-09-20 16:00:29,395 INFO  [localhost-startStop-1] http.FilterInvocationSecurityMetadataSourceParser:194 : Creating access control expression attribute 'hasRole('ROLE_ADMIN')' for /api/**/jmetrics/**
2020-09-20 16:00:29,395 INFO  [localhost-startStop-1] http.FilterInvocationSecurityMetadataSourceParser:194 : Creating access control expression attribute 'permitAll' for /api/cache*/**
2020-09-20 16:00:29,395 INFO  [localhost-startStop-1] http.FilterInvocationSecurityMetadataSourceParser:194 : Creating access control expression attribute 'permitAll' for /api/cache*/**
2020-09-20 16:00:29,395 INFO  [localhost-startStop-1] http.FilterInvocationSecurityMetadataSourceParser:194 : Creating access control expression attribute 'permitAll' for /api/streaming_coordinator/**
2020-09-20 16:00:29,395 INFO  [localhost-startStop-1] http.FilterInvocationSecurityMetadataSourceParser:194 : Creating access control expression attribute 'permitAll' for /api/streaming_coordinator/**
2020-09-20 16:00:29,396 INFO  [localhost-startStop-1] http.FilterInvocationSecurityMetadataSourceParser:194 : Creating access control expression attribute 'permitAll' for /api/service_discovery/state/is_active_job_node
2020-09-20 16:00:29,396 INFO  [localhost-startStop-1] http.FilterInvocationSecurityMetadataSourceParser:194 : Creating access control expression attribute 'permitAll' for /api/service_discovery/state/is_active_job_node
2020-09-20 16:00:29,396 INFO  [localhost-startStop-1] http.FilterInvocationSecurityMetadataSourceParser:194 : Creating access control expression attribute 'hasAnyRole('ROLE_ANALYST')' for /api/cubes/src/tables
2020-09-20 16:00:29,396 INFO  [localhost-startStop-1] http.FilterInvocationSecurityMetadataSourceParser:194 : Creating access control expression attribute 'hasAnyRole('ROLE_ANALYST')' for /api/cubes/src/tables
2020-09-20 16:00:29,396 INFO  [localhost-startStop-1] http.FilterInvocationSecurityMetadataSourceParser:194 : Creating access control expression attribute 'isAuthenticated()' for /api/cubes*/**
2020-09-20 16:00:29,396 INFO  [localhost-startStop-1] http.FilterInvocationSecurityMetadataSourceParser:194 : Creating access control expression attribute 'isAuthenticated()' for /api/cubes*/**
2020-09-20 16:00:29,397 INFO  [localhost-startStop-1] http.FilterInvocationSecurityMetadataSourceParser:194 : Creating access control expression attribute 'isAuthenticated()' for /api/models*/**
2020-09-20 16:00:29,397 INFO  [localhost-startStop-1] http.FilterInvocationSecurityMetadataSourceParser:194 : Creating access control expression attribute 'isAuthenticated()' for /api/models*/**
2020-09-20 16:00:29,397 INFO  [localhost-startStop-1] http.FilterInvocationSecurityMetadataSourceParser:194 : Creating access control expression attribute 'isAuthenticated()' for /api/streaming*/**
2020-09-20 16:00:29,397 INFO  [localhost-startStop-1] http.FilterInvocationSecurityMetadataSourceParser:194 : Creating access control expression attribute 'isAuthenticated()' for /api/streaming*/**
2020-09-20 16:00:29,397 INFO  [localhost-startStop-1] http.FilterInvocationSecurityMetadataSourceParser:194 : Creating access control expression attribute 'isAuthenticated()' for /api/job*/**
2020-09-20 16:00:29,397 INFO  [localhost-startStop-1] http.FilterInvocationSecurityMetadataSourceParser:194 : Creating access control expression attribute 'isAuthenticated()' for /api/job*/**
2020-09-20 16:00:29,397 INFO  [localhost-startStop-1] http.FilterInvocationSecurityMetadataSourceParser:194 : Creating access control expression attribute 'permitAll' for /api/admin/public_config
2020-09-20 16:00:29,397 INFO  [localhost-startStop-1] http.FilterInvocationSecurityMetadataSourceParser:194 : Creating access control expression attribute 'permitAll' for /api/admin/public_config
2020-09-20 16:00:29,397 INFO  [localhost-startStop-1] http.FilterInvocationSecurityMetadataSourceParser:194 : Creating access control expression attribute 'permitAll' for /api/admin/config
2020-09-20 16:00:29,397 INFO  [localhost-startStop-1] http.FilterInvocationSecurityMetadataSourceParser:194 : Creating access control expression attribute 'permitAll' for /api/admin/config
2020-09-20 16:00:29,397 INFO  [localhost-startStop-1] http.FilterInvocationSecurityMetadataSourceParser:194 : Creating access control expression attribute 'permitAll' for /api/admin/version
2020-09-20 16:00:29,397 INFO  [localhost-startStop-1] http.FilterInvocationSecurityMetadataSourceParser:194 : Creating access control expression attribute 'permitAll' for /api/admin/version
2020-09-20 16:00:29,397 INFO  [localhost-startStop-1] http.FilterInvocationSecurityMetadataSourceParser:194 : Creating access control expression attribute 'permitAll' for /api/projects
2020-09-20 16:00:29,397 INFO  [localhost-startStop-1] http.FilterInvocationSecurityMetadataSourceParser:194 : Creating access control expression attribute 'permitAll' for /api/projects
2020-09-20 16:00:29,397 INFO  [localhost-startStop-1] http.FilterInvocationSecurityMetadataSourceParser:194 : Creating access control expression attribute 'hasRole('ROLE_ADMIN')' for /api/admin*/**
2020-09-20 16:00:29,397 INFO  [localhost-startStop-1] http.FilterInvocationSecurityMetadataSourceParser:194 : Creating access control expression attribute 'hasRole('ROLE_ADMIN')' for /api/admin*/**
2020-09-20 16:00:29,397 INFO  [localhost-startStop-1] http.FilterInvocationSecurityMetadataSourceParser:194 : Creating access control expression attribute 'permitAll' for /api/tables/**/snapshotLocalCache/**
2020-09-20 16:00:29,397 INFO  [localhost-startStop-1] http.FilterInvocationSecurityMetadataSourceParser:194 : Creating access control expression attribute 'permitAll' for /api/tables/**/snapshotLocalCache/**
2020-09-20 16:00:29,398 INFO  [localhost-startStop-1] http.FilterInvocationSecurityMetadataSourceParser:194 : Creating access control expression attribute 'isAuthenticated()' for /api/**
2020-09-20 16:00:29,398 INFO  [localhost-startStop-1] http.FilterInvocationSecurityMetadataSourceParser:194 : Creating access control expression attribute 'isAuthenticated()' for /api/**
2020-09-20 16:00:29,415 INFO  [localhost-startStop-1] http.HttpSecurityBeanDefinitionParser:306 : Checking sorted filter chain: [Root bean: class [org.springframework.security.web.context.SecurityContextPersistenceFilter]; scope=; abstract=false; lazyInit=false; autowireMode=0; dependencyCheck=0; autowireCandidate=true; primary=false; factoryBeanName=null; factoryMethodName=null; initMethodName=null; destroyMethodName=null, order = 200, Root bean: class [org.springframework.security.web.context.request.async.WebAsyncManagerIntegrationFilter]; scope=; abstract=false; lazyInit=false; autowireMode=0; dependencyCheck=0; autowireCandidate=true; primary=false; factoryBeanName=null; factoryMethodName=null; initMethodName=null; destroyMethodName=null, order = 400, Root bean: class [org.springframework.security.web.header.HeaderWriterFilter]; scope=; abstract=false; lazyInit=false; autowireMode=0; dependencyCheck=0; autowireCandidate=true; primary=false; factoryBeanName=null; factoryMethodName=null; initMethodName=null; destroyMethodName=null, order = 500, Root bean: class [org.springframework.security.web.authentication.logout.LogoutFilter]; scope=; abstract=false; lazyInit=false; autowireMode=0; dependencyCheck=0; autowireCandidate=true; primary=false; factoryBeanName=null; factoryMethodName=null; initMethodName=null; destroyMethodName=null, order = 800, <org.springframework.security.web.authentication.UsernamePasswordAuthenticationFilter#0>, order = 1200, Root bean: class [org.springframework.security.web.authentication.www.BasicAuthenticationFilter]; scope=; abstract=false; lazyInit=false; autowireMode=0; dependencyCheck=0; autowireCandidate=true; primary=false; factoryBeanName=null; factoryMethodName=null; initMethodName=null; destroyMethodName=null, order = 1600, Root bean: class [org.springframework.security.web.savedrequest.RequestCacheAwareFilter]; scope=; abstract=false; lazyInit=false; autowireMode=0; dependencyCheck=0; autowireCandidate=true; primary=false; factoryBeanName=null; factoryMethodName=null; initMethodName=null; destroyMethodName=null, order = 1700, Root bean: class [null]; scope=; abstract=false; lazyInit=false; autowireMode=0; dependencyCheck=0; autowireCandidate=true; primary=false; factoryBeanName=org.springframework.security.config.http.HttpConfigurationBuilder$SecurityContextHolderAwareRequestFilterBeanFactory#0; factoryMethodName=getBean; initMethodName=null; destroyMethodName=null, order = 1800, Root bean: class [org.springframework.security.web.authentication.AnonymousAuthenticationFilter]; scope=; abstract=false; lazyInit=false; autowireMode=0; dependencyCheck=0; autowireCandidate=true; primary=false; factoryBeanName=null; factoryMethodName=null; initMethodName=null; destroyMethodName=null, order = 2100, Root bean: class [org.springframework.security.web.session.SessionManagementFilter]; scope=; abstract=false; lazyInit=false; autowireMode=0; dependencyCheck=0; autowireCandidate=true; primary=false; factoryBeanName=null; factoryMethodName=null; initMethodName=null; destroyMethodName=null, order = 2200, Root bean: class [org.springframework.security.web.access.ExceptionTranslationFilter]; scope=; abstract=false; lazyInit=false; autowireMode=0; dependencyCheck=0; autowireCandidate=true; primary=false; factoryBeanName=null; factoryMethodName=null; initMethodName=null; destroyMethodName=null, order = 2300, <org.springframework.security.web.access.intercept.FilterSecurityInterceptor#0>, order = 2400]
2020-09-20 16:00:29,415 INFO  [localhost-startStop-1] http.HttpSecurityBeanDefinitionParser:306 : Checking sorted filter chain: [Root bean: class [org.springframework.security.web.context.SecurityContextPersistenceFilter]; scope=; abstract=false; lazyInit=false; autowireMode=0; dependencyCheck=0; autowireCandidate=true; primary=false; factoryBeanName=null; factoryMethodName=null; initMethodName=null; destroyMethodName=null, order = 200, Root bean: class [org.springframework.security.web.context.request.async.WebAsyncManagerIntegrationFilter]; scope=; abstract=false; lazyInit=false; autowireMode=0; dependencyCheck=0; autowireCandidate=true; primary=false; factoryBeanName=null; factoryMethodName=null; initMethodName=null; destroyMethodName=null, order = 400, Root bean: class [org.springframework.security.web.header.HeaderWriterFilter]; scope=; abstract=false; lazyInit=false; autowireMode=0; dependencyCheck=0; autowireCandidate=true; primary=false; factoryBeanName=null; factoryMethodName=null; initMethodName=null; destroyMethodName=null, order = 500, Root bean: class [org.springframework.security.web.authentication.logout.LogoutFilter]; scope=; abstract=false; lazyInit=false; autowireMode=0; dependencyCheck=0; autowireCandidate=true; primary=false; factoryBeanName=null; factoryMethodName=null; initMethodName=null; destroyMethodName=null, order = 800, <org.springframework.security.web.authentication.UsernamePasswordAuthenticationFilter#0>, order = 1200, Root bean: class [org.springframework.security.web.authentication.www.BasicAuthenticationFilter]; scope=; abstract=false; lazyInit=false; autowireMode=0; dependencyCheck=0; autowireCandidate=true; primary=false; factoryBeanName=null; factoryMethodName=null; initMethodName=null; destroyMethodName=null, order = 1600, Root bean: class [org.springframework.security.web.savedrequest.RequestCacheAwareFilter]; scope=; abstract=false; lazyInit=false; autowireMode=0; dependencyCheck=0; autowireCandidate=true; primary=false; factoryBeanName=null; factoryMethodName=null; initMethodName=null; destroyMethodName=null, order = 1700, Root bean: class [null]; scope=; abstract=false; lazyInit=false; autowireMode=0; dependencyCheck=0; autowireCandidate=true; primary=false; factoryBeanName=org.springframework.security.config.http.HttpConfigurationBuilder$SecurityContextHolderAwareRequestFilterBeanFactory#0; factoryMethodName=getBean; initMethodName=null; destroyMethodName=null, order = 1800, Root bean: class [org.springframework.security.web.authentication.AnonymousAuthenticationFilter]; scope=; abstract=false; lazyInit=false; autowireMode=0; dependencyCheck=0; autowireCandidate=true; primary=false; factoryBeanName=null; factoryMethodName=null; initMethodName=null; destroyMethodName=null, order = 2100, Root bean: class [org.springframework.security.web.session.SessionManagementFilter]; scope=; abstract=false; lazyInit=false; autowireMode=0; dependencyCheck=0; autowireCandidate=true; primary=false; factoryBeanName=null; factoryMethodName=null; initMethodName=null; destroyMethodName=null, order = 2200, Root bean: class [org.springframework.security.web.access.ExceptionTranslationFilter]; scope=; abstract=false; lazyInit=false; autowireMode=0; dependencyCheck=0; autowireCandidate=true; primary=false; factoryBeanName=null; factoryMethodName=null; initMethodName=null; destroyMethodName=null, order = 2300, <org.springframework.security.web.access.intercept.FilterSecurityInterceptor#0>, order = 2400]
2020-09-20 16:00:30,092 DEBUG [localhost-startStop-1] security.PasswordPlaceholderConfigurer:174 : Loading properties file from InputStream resource [resource loaded through InputStream]
2020-09-20 16:00:30,653 INFO  [localhost-startStop-1] metrics.MetricsManager:146 : Kylin metrics monitor is not enabled
2020-09-20 16:00:31,454 INFO  [localhost-startStop-1] init.InitialTaskManager:39 : Kylin service is starting.....
2020-09-20 16:00:31,539 INFO  [localhost-startStop-1] persistence.ResourceStore:90 : Using metadata url kylin_metadata@hbase for resource store
2020-09-20 16:00:32,083 DEBUG [localhost-startStop-1] hbase.HBaseConnection:181 : Using the working dir FS for HBase: hdfs://localhost:9000
2020-09-20 16:00:32,084 INFO  [localhost-startStop-1] hbase.HBaseConnection:267 : connection is null or closed, creating a new one
2020-09-20 16:00:32,617 DEBUG [localhost-startStop-1] hbase.HBaseConnection:316 : HTable 'kylin_metadata' already exists
2020-09-20 16:00:32,829 DEBUG [localhost-startStop-1] cachesync.CachedCrudAssist:122 : Reloading AclRecord from kylin_metadata(key='/acl')@kylin_metadata@hbase
2020-09-20 16:00:32,921 DEBUG [localhost-startStop-1] cachesync.CachedCrudAssist:155 : Loaded 4 AclRecord(s) out of 4 resource with 0 errors
2020-09-20 16:00:32,949 INFO  [localhost-startStop-1] common.KylinConfig:476 : Creating new manager instance of class org.apache.kylin.metadata.cachesync.Broadcaster
2020-09-20 16:00:32,952 DEBUG [localhost-startStop-1] cachesync.Broadcaster:102 : 1 nodes in the cluster: [localhost:7070]
2020-09-20 16:00:33,293 INFO  [localhost-startStop-1] common.KylinConfigBase:237 : Kylin Config was updated with kylin.server.cluster-name : kylin_metadata
2020-09-20 16:00:33,294 INFO  [localhost-startStop-1] service.JobService:133 : starting to initialize an instance in cluster kylin_metadata
2020-09-20 16:00:33,297 INFO  [localhost-startStop-1] service.JobService:141 : Cluster servers: [localhost:7070]
2020-09-20 16:00:33,300 INFO  [localhost-startStop-1] common.KylinConfigBase:237 : Kylin Config was updated with kylin.server.cluster-name : kylin_metadata
2020-09-20 16:00:33,379 DEBUG [localhost-startStop-1] hbase.HBaseConnection:181 : Using the working dir FS for HBase: hdfs://localhost:9000
2020-09-20 16:00:33,388 INFO  [localhost-startStop-1] util.ZKUtil:165 : zookeeper connection string: localhost:2181 with namespace /kylin/kylin_metadata
2020-09-20 16:00:33,444 INFO  [localhost-startStop-1] util.ZKUtil:169 : new zookeeper Client start: localhost:2181
2020-09-20 16:00:33,464 INFO  [localhost-startStop-1] threadpool.DefaultScheduler:142 : Initializing Job Engine ....
2020-09-20 16:00:33,464 DEBUG [localhost-startStop-1] zookeeper.ZookeeperDistributedLock:101 : 217324@4631d0e08cb3 trying to lock /job_engine/global_job_engine_lock
2020-09-20 16:00:33,475 INFO  [localhost-startStop-1] zookeeper.ZookeeperDistributedLock:114 : 217324@4631d0e08cb3 acquired lock at /job_engine/global_job_engine_lock
2020-09-20 16:00:33,476 INFO  [localhost-startStop-1] threadpool.DefaultScheduler:163 : Starting resume all running jobs.
2020-09-20 16:00:33,477 INFO  [localhost-startStop-1] common.KylinConfig:476 : Creating new manager instance of class org.apache.kylin.job.execution.ExecutableManager
2020-09-20 16:00:33,478 INFO  [localhost-startStop-1] execution.ExecutableManager:70 : Using metadata url: kylin_metadata@hbase
2020-09-20 16:00:33,481 INFO  [localhost-startStop-1] common.KylinConfig:476 : Creating new manager instance of class org.apache.kylin.job.dao.ExecutableDao
2020-09-20 16:00:33,481 INFO  [localhost-startStop-1] dao.ExecutableDao:83 : Using metadata url: kylin_metadata@hbase
2020-09-20 16:00:33,481 DEBUG [localhost-startStop-1] cachesync.CachedCrudAssist:122 : Reloading ExecutablePO from kylin_metadata(key='/execute')@kylin_metadata@hbase
2020-09-20 16:00:33,506 DEBUG [localhost-startStop-1] cachesync.CachedCrudAssist:155 : Loaded 11 ExecutablePO(s) out of 11 resource with 0 errors
2020-09-20 16:00:33,506 DEBUG [localhost-startStop-1] dao.ExecutableDao:126 : Reloading execute_output from /execute_output
2020-09-20 16:00:33,536 DEBUG [localhost-startStop-1] dao.ExecutableDao:137 : Loaded 11 execute_output digest(s) out of 87 resource
2020-09-20 16:00:33,585 INFO  [localhost-startStop-1] threadpool.DefaultScheduler:166 : Finishing resume all running jobs.
2020-09-20 16:00:33,585 INFO  [localhost-startStop-1] threadpool.DefaultScheduler:170 : Fetching jobs every 30 seconds
2020-09-20 16:00:33,586 INFO  [localhost-startStop-1] threadpool.DefaultScheduler:180 : Creating fetcher pool instance:1922151512
2020-09-20 16:00:33,604 INFO  [localhost-startStop-1] common.KylinConfig:476 : Creating new manager instance of class org.apache.kylin.metadata.badquery.BadQueryHistoryManager
2020-09-20 16:00:33,605 INFO  [localhost-startStop-1] badquery.BadQueryHistoryManager:51 : Initializing BadQueryHistoryManager with config kylin_metadata@hbase
2020-09-20 16:00:34,189 INFO  [localhost-startStop-1] service.StreamingCoordinatorService:53 : Use new version coordinator.
2020-09-20 16:00:34,198 DEBUG [localhost-startStop-1] coordinate.StreamingCoordinator:575 : Using assigner DefaultAssigner
2020-09-20 16:00:34,244 INFO  [Curator-LeaderSelector-0] coordinate.StreamingCoordinator:625 : Current node become the lead coordinator.
2020-09-20 16:00:34,283 INFO  [Curator-LeaderSelector-0] coordinate.BuildJobSubmitter:85 : Restore job submitter
2020-09-20 16:00:34,598 INFO  [localhost-startStop-1] common.KylinConfig:476 : Creating new manager instance of class org.apache.kylin.rest.security.KylinUserManager
2020-09-20 16:00:34,598 INFO  [localhost-startStop-1] security.KylinUserManager:60 : Initializing KylinUserManager with config kylin_metadata@hbase
2020-09-20 16:00:34,599 DEBUG [localhost-startStop-1] cachesync.CachedCrudAssist:122 : Reloading ManagedUser from kylin_metadata(key='/user')@kylin_metadata@hbase
2020-09-20 16:00:34,615 DEBUG [localhost-startStop-1] cachesync.CachedCrudAssist:155 : Loaded 3 ManagedUser(s) out of 3 resource with 0 errors
2020-09-20 16:00:35,062 INFO  [localhost-startStop-1] web.DefaultSecurityFilterChain:43 : Creating filter chain: org.springframework.security.web.util.matcher.AnyRequestMatcher@1, [org.springframework.security.web.context.SecurityContextPersistenceFilter@38c5e5aa, org.springframework.security.web.context.request.async.WebAsyncManagerIntegrationFilter@5cfdb5ca, org.springframework.security.web.header.HeaderWriterFilter@54733ba0, org.springframework.security.web.authentication.logout.LogoutFilter@5c8193b6, org.springframework.security.web.authentication.UsernamePasswordAuthenticationFilter@4bfed539, org.springframework.security.web.authentication.www.BasicAuthenticationFilter@7a1c6a69, org.springframework.security.web.savedrequest.RequestCacheAwareFilter@377fe0b1, org.springframework.security.web.servletapi.SecurityContextHolderAwareRequestFilter@67b3d9cb, org.springframework.security.web.authentication.AnonymousAuthenticationFilter@5a598f19, org.springframework.security.web.session.SessionManagementFilter@430fe919, org.springframework.security.web.access.ExceptionTranslationFilter@bbdf3a1, org.springframework.security.web.access.intercept.FilterSecurityInterceptor@72b91e9c]
2020-09-20 16:00:35,062 INFO  [localhost-startStop-1] web.DefaultSecurityFilterChain:43 : Creating filter chain: org.springframework.security.web.util.matcher.AnyRequestMatcher@1, [org.springframework.security.web.context.SecurityContextPersistenceFilter@38c5e5aa, org.springframework.security.web.context.request.async.WebAsyncManagerIntegrationFilter@5cfdb5ca, org.springframework.security.web.header.HeaderWriterFilter@54733ba0, org.springframework.security.web.authentication.logout.LogoutFilter@5c8193b6, org.springframework.security.web.authentication.UsernamePasswordAuthenticationFilter@4bfed539, org.springframework.security.web.authentication.www.BasicAuthenticationFilter@7a1c6a69, org.springframework.security.web.savedrequest.RequestCacheAwareFilter@377fe0b1, org.springframework.security.web.servletapi.SecurityContextHolderAwareRequestFilter@67b3d9cb, org.springframework.security.web.authentication.AnonymousAuthenticationFilter@5a598f19, org.springframework.security.web.session.SessionManagementFilter@430fe919, org.springframework.security.web.access.ExceptionTranslationFilter@bbdf3a1, org.springframework.security.web.access.intercept.FilterSecurityInterceptor@72b91e9c]
2020-09-20 16:00:35,083 INFO  [localhost-startStop-1] http.DefaultFilterChainValidator:154 : Checking whether login URL '/login' is accessible with your configuration
2020-09-20 16:00:35,083 INFO  [localhost-startStop-1] http.DefaultFilterChainValidator:154 : Checking whether login URL '/login' is accessible with your configuration
2020-09-20 16:00:36,617 INFO  [FetcherRunner 1922151512-57] threadpool.DefaultFetcherRunner:115 : Job Fetcher: 0 should running, 0 actual running, 0 stopped, 0 ready, 10 already succeed, 1 error, 0 discarded, 0 others
2020-09-20 16:00:48,669 DEBUG [http-bio-7070-exec-2] common.KylinConfig:346 : KYLIN_CONF property was not set, will seek KYLIN_HOME env variable
2020-09-20 16:00:48,669 INFO  [http-bio-7070-exec-2] common.KylinConfig:352 : Use KYLIN_HOME=/home/admin/apache-kylin-3.1.0-bin-hbase1x
2020-09-20 16:00:48,871 INFO  [http-bio-7070-exec-1] common.KylinConfig:476 : Creating new manager instance of class org.apache.kylin.metadata.project.ProjectManager
2020-09-20 16:00:48,872 INFO  [http-bio-7070-exec-1] project.ProjectManager:85 : Initializing ProjectManager with metadata url kylin_metadata@hbase
2020-09-20 16:00:48,874 DEBUG [http-bio-7070-exec-1] cachesync.CachedCrudAssist:122 : Reloading ProjectInstance from kylin_metadata(key='/project')@kylin_metadata@hbase
2020-09-20 16:00:48,890 DEBUG [http-bio-7070-exec-1] cachesync.CachedCrudAssist:155 : Loaded 2 ProjectInstance(s) out of 2 resource with 0 errors
2020-09-20 16:00:48,926 INFO  [http-bio-7070-exec-1] common.KylinConfig:476 : Creating new manager instance of class org.apache.kylin.cube.CubeManager
2020-09-20 16:00:48,933 INFO  [http-bio-7070-exec-1] cube.CubeManager:136 : Initializing CubeManager with config kylin_metadata@hbase
2020-09-20 16:00:48,934 DEBUG [http-bio-7070-exec-1] cachesync.CachedCrudAssist:122 : Reloading CubeInstance from kylin_metadata(key='/cube')@kylin_metadata@hbase
2020-09-20 16:00:48,965 INFO  [http-bio-7070-exec-1] common.KylinConfig:476 : Creating new manager instance of class org.apache.kylin.cube.CubeDescManager
2020-09-20 16:00:48,966 INFO  [http-bio-7070-exec-1] cube.CubeDescManager:91 : Initializing CubeDescManager with config kylin_metadata@hbase
2020-09-20 16:00:48,966 DEBUG [http-bio-7070-exec-1] cachesync.CachedCrudAssist:122 : Reloading CubeDesc from kylin_metadata(key='/cube_desc')@kylin_metadata@hbase
2020-09-20 16:00:48,999 INFO  [http-bio-7070-exec-1] common.KylinConfig:476 : Creating new manager instance of class org.apache.kylin.metadata.model.DataModelManager
2020-09-20 16:00:49,002 INFO  [http-bio-7070-exec-1] common.KylinConfig:476 : Creating new manager instance of class org.apache.kylin.metadata.TableMetadataManager
2020-09-20 16:00:49,003 DEBUG [http-bio-7070-exec-1] cachesync.CachedCrudAssist:122 : Reloading TableDesc from kylin_metadata(key='/table')@kylin_metadata@hbase
2020-09-20 16:00:49,021 INFO  [http-bio-7070-exec-1] measure.MeasureTypeFactory:121 : Checking custom measure types from kylin config
2020-09-20 16:00:49,022 INFO  [http-bio-7070-exec-1] measure.MeasureTypeFactory:150 : registering COUNT_DISTINCT(hllc), class org.apache.kylin.measure.hllc.HLLCMeasureType$Factory
2020-09-20 16:00:49,027 INFO  [http-bio-7070-exec-1] measure.MeasureTypeFactory:150 : registering COUNT_DISTINCT(bitmap), class org.apache.kylin.measure.bitmap.BitmapMeasureType$Factory
2020-09-20 16:00:49,029 INFO  [http-bio-7070-exec-1] measure.MeasureTypeFactory:150 : registering TOP_N(topn), class org.apache.kylin.measure.topn.TopNMeasureType$Factory
2020-09-20 16:00:49,031 INFO  [http-bio-7070-exec-1] measure.MeasureTypeFactory:150 : registering RAW(raw), class org.apache.kylin.measure.raw.RawMeasureType$Factory
2020-09-20 16:00:49,032 INFO  [http-bio-7070-exec-1] measure.MeasureTypeFactory:150 : registering EXTENDED_COLUMN(extendedcolumn), class org.apache.kylin.measure.extendedcolumn.ExtendedColumnMeasureType$Factory
2020-09-20 16:00:49,033 INFO  [http-bio-7070-exec-1] measure.MeasureTypeFactory:150 : registering PERCENTILE_APPROX(percentile), class org.apache.kylin.measure.percentile.PercentileMeasureType$Factory
2020-09-20 16:00:49,034 INFO  [http-bio-7070-exec-1] measure.MeasureTypeFactory:150 : registering COUNT_DISTINCT(dim_dc), class org.apache.kylin.measure.dim.DimCountDistinctMeasureType$Factory
2020-09-20 16:00:49,036 INFO  [http-bio-7070-exec-1] measure.MeasureTypeFactory:150 : registering STDDEV_SUM(stddev_sum), class org.apache.kylin.measure.stddev.StdDevSumMeasureType$Factory
2020-09-20 16:00:49,049 INFO  [http-bio-7070-exec-1] measure.MeasureTypeFactory:150 : registering COUNT_DISTINCT(bitmap_map), class org.apache.kylin.measure.map.bitmap.BitmapMapMeasureType$Factory
2020-09-20 16:00:49,053 DEBUG [http-bio-7070-exec-1] cachesync.CachedCrudAssist:155 : Loaded 12 TableDesc(s) out of 12 resource with 0 errors
2020-09-20 16:00:49,054 DEBUG [http-bio-7070-exec-1] cachesync.CachedCrudAssist:122 : Reloading TableExtDesc from kylin_metadata(key='/table_exd')@kylin_metadata@hbase
2020-09-20 16:00:49,071 DEBUG [http-bio-7070-exec-1] cachesync.CachedCrudAssist:155 : Loaded 6 TableExtDesc(s) out of 6 resource with 0 errors
2020-09-20 16:00:49,072 DEBUG [http-bio-7070-exec-1] cachesync.CachedCrudAssist:122 : Reloading ExternalFilterDesc from kylin_metadata(key='/ext_filter')@kylin_metadata@hbase
2020-09-20 16:00:49,076 DEBUG [http-bio-7070-exec-1] cachesync.CachedCrudAssist:155 : Loaded 0 ExternalFilterDesc(s) out of 0 resource with 0 errors
2020-09-20 16:00:49,077 DEBUG [http-bio-7070-exec-1] cachesync.CachedCrudAssist:122 : Reloading DataModelDesc from kylin_metadata(key='/model_desc')@kylin_metadata@hbase
2020-09-20 16:00:49,116 DEBUG [http-bio-7070-exec-1] cachesync.CachedCrudAssist:155 : Loaded 3 DataModelDesc(s) out of 3 resource with 0 errors
2020-09-20 16:00:49,134 INFO  [http-bio-7070-exec-1] model.RowKeyColDesc:99 : Implicitly convert encoding to time
2020-09-20 16:00:49,135 INFO  [http-bio-7070-exec-1] model.RowKeyColDesc:99 : Implicitly convert encoding to time
2020-09-20 16:00:49,135 INFO  [http-bio-7070-exec-1] model.RowKeyColDesc:95 : Implicitly convert encoding to date
2020-09-20 16:00:49,137 WARN  [http-bio-7070-exec-1] common.BackwardCompatibilityConfig:103 : Config 'kylin.job.mr.config.override.mapreduce.map.java.opts' is deprecated, use 'kylin.engine.mr.config-override.mapreduce.map.java.opts' instead
2020-09-20 16:00:49,137 WARN  [http-bio-7070-exec-1] common.BackwardCompatibilityConfig:103 : Config 'kylin.job.mr.config.override.mapreduce.map.memory.mb' is deprecated, use 'kylin.engine.mr.config-override.mapreduce.map.memory.mb' instead
2020-09-20 16:00:49,137 WARN  [http-bio-7070-exec-1] common.BackwardCompatibilityConfig:103 : Config 'kylin.job.mr.config.override.mapreduce.reduce.memory.mb' is deprecated, use 'kylin.engine.mr.config-override.mapreduce.reduce.memory.mb' instead
2020-09-20 16:00:49,137 WARN  [http-bio-7070-exec-1] common.BackwardCompatibilityConfig:103 : Config 'kylin.job.mr.config.override.mapreduce.reduce.java.opts' is deprecated, use 'kylin.engine.mr.config-override.mapreduce.reduce.java.opts' instead
2020-09-20 16:00:49,138 DEBUG [http-bio-7070-exec-1] cachesync.CachedCrudAssist:155 : Loaded 5 CubeDesc(s) out of 5 resource with 0 errors
2020-09-20 16:00:49,138 DEBUG [http-bio-7070-exec-1] cachesync.CachedCrudAssist:155 : Loaded 5 CubeInstance(s) out of 5 resource with 0 errors
2020-09-20 16:00:49,334 DEBUG [http-bio-7070-exec-6] badquery.BadQueryHistoryManager:65 : Loaded 0 Bad Query(s)
2020-09-20 16:00:52,467 DEBUG [http-bio-7070-exec-10] project.ProjectL2Cache:198 : Loading L2 project cache for JutoLake
2020-09-20 16:00:52,476 INFO  [http-bio-7070-exec-10] common.KylinConfig:476 : Creating new manager instance of class org.apache.kylin.metadata.realization.RealizationRegistry
2020-09-20 16:00:52,477 INFO  [http-bio-7070-exec-10] realization.RealizationRegistry:54 : Initializing RealizationRegistry with metadata url kylin_metadata@hbase
2020-09-20 16:00:52,486 INFO  [http-bio-7070-exec-10] common.KylinConfig:476 : Creating new manager instance of class org.apache.kylin.storage.hybrid.HybridManager
2020-09-20 16:00:52,487 INFO  [http-bio-7070-exec-10] hybrid.HybridManager:71 : Initializing HybridManager with config kylin_metadata@hbase
2020-09-20 16:00:52,488 DEBUG [http-bio-7070-exec-10] cachesync.CachedCrudAssist:122 : Reloading HybridInstance from kylin_metadata(key='/hybrid')@kylin_metadata@hbase
2020-09-20 16:00:52,495 DEBUG [http-bio-7070-exec-10] cachesync.CachedCrudAssist:155 : Loaded 0 HybridInstance(s) out of 0 resource with 0 errors
2020-09-20 16:00:52,497 INFO  [http-bio-7070-exec-10] realization.RealizationRegistry:81 : RealizationRegistry is {HYBRID=org.apache.kylin.storage.hybrid.HybridManager@48cf4a47, CUBE=org.apache.kylin.cube.CubeManager@4ef0017a}
2020-09-20 16:00:57,957 INFO  [http-bio-7070-exec-3] common.KylinConfig:476 : Creating new manager instance of class org.apache.kylin.source.SourceManager
2020-09-20 16:00:57,971 INFO  [http-bio-7070-exec-3] cube.CubeManager:373 : Updating cube instance 'tpch_s1_join_3_tables'
2020-09-20 16:00:57,972 WARN  [http-bio-7070-exec-3] model.Segments:463 : NEW segment start does not fit/connect with other segments: tpch_s1_join_3_tables[FULL_BUILD]
2020-09-20 16:00:57,973 WARN  [http-bio-7070-exec-3] model.Segments:465 : NEW segment end does not fit/connect with other segments: tpch_s1_join_3_tables[FULL_BUILD]
2020-09-20 16:00:57,973 DEBUG [http-bio-7070-exec-3] cachesync.CachedCrudAssist:223 : Saving CubeInstance at /cube/tpch_s1_join_3_tables.json
2020-09-20 16:00:57,989 DEBUG [pool-5-thread-1] cachesync.Broadcaster:119 : Servers in the cluster: [localhost:7070]
2020-09-20 16:00:58,059 INFO  [http-bio-7070-exec-3] mr.BatchCubingJobBuilder2:54 : MR_V2 new job to BUILD segment tpch_s1_join_3_tables[FULL_BUILD]
2020-09-20 16:00:58,183 DEBUG [pool-5-thread-1] cachesync.Broadcaster:129 : Announcing new broadcast to all: BroadcastEvent{entity=cube, event=update, cacheKey=tpch_s1_join_3_tables}
2020-09-20 16:00:58,345 DEBUG [http-bio-7070-exec-7] cachesync.Broadcaster:267 : Broadcasting UPDATE, cube, tpch_s1_join_3_tables
2020-09-20 16:00:58,352 INFO  [http-bio-7070-exec-7] common.KylinConfig:476 : Creating new manager instance of class org.apache.kylin.cube.cuboid.CuboidManager
2020-09-20 16:00:58,361 DEBUG [http-bio-7070-exec-7] cachesync.Broadcaster:267 : Broadcasting UPDATE, project_data, JutoLake
2020-09-20 16:00:58,362 INFO  [http-bio-7070-exec-7] service.CacheService:123 : cleaning cache for project JutoLake (currently remove all entries)
2020-09-20 16:00:58,366 DEBUG [http-bio-7070-exec-7] cachesync.Broadcaster:301 : Done broadcasting UPDATE, project_data, JutoLake
2020-09-20 16:00:58,370 DEBUG [http-bio-7070-exec-7] cachesync.Broadcaster:301 : Done broadcasting UPDATE, cube, tpch_s1_join_3_tables
2020-09-20 16:00:58,371 DEBUG [http-bio-7070-exec-3] hbase.HBaseConnection:181 : Using the working dir FS for HBase: hdfs://localhost:9000
2020-09-20 16:00:58,387 DEBUG [pool-5-thread-1] cachesync.Broadcaster:119 : Servers in the cluster: [localhost:7070]
2020-09-20 16:00:58,387 DEBUG [pool-5-thread-1] cachesync.Broadcaster:129 : Announcing new broadcast to all: BroadcastEvent{entity=execute_output, event=create, cacheKey=8e6ed1b1-33f6-be4f-fb58-26a7785b6561}
2020-09-20 16:00:58,398 DEBUG [http-bio-7070-exec-7] cachesync.Broadcaster:267 : Broadcasting CREATE, execute_output, 8e6ed1b1-33f6-be4f-fb58-26a7785b6561
2020-09-20 16:00:58,400 DEBUG [http-bio-7070-exec-7] cachesync.Broadcaster:301 : Done broadcasting CREATE, execute_output, 8e6ed1b1-33f6-be4f-fb58-26a7785b6561
2020-09-20 16:00:58,407 DEBUG [pool-5-thread-1] cachesync.Broadcaster:119 : Servers in the cluster: [localhost:7070]
2020-09-20 16:00:58,408 DEBUG [pool-5-thread-1] cachesync.Broadcaster:129 : Announcing new broadcast to all: BroadcastEvent{entity=execute, event=create, cacheKey=8e6ed1b1-33f6-be4f-fb58-26a7785b6561}
2020-09-20 16:00:58,412 DEBUG [http-bio-7070-exec-4] cachesync.Broadcaster:267 : Broadcasting CREATE, execute, 8e6ed1b1-33f6-be4f-fb58-26a7785b6561
2020-09-20 16:00:58,414 DEBUG [http-bio-7070-exec-4] cachesync.Broadcaster:301 : Done broadcasting CREATE, execute, 8e6ed1b1-33f6-be4f-fb58-26a7785b6561
2020-09-20 16:01:04,152 DEBUG [http-bio-7070-exec-9] badquery.BadQueryHistoryManager:65 : Loaded 0 Bad Query(s)
2020-09-20 16:01:06,593 INFO  [FetcherRunner 1922151512-57] threadpool.FetcherRunner:65 : CubingJob{id=8e6ed1b1-33f6-be4f-fb58-26a7785b6561, name=BUILD CUBE - tpch_s1_join_3_tables - FULL_BUILD - UTC 2020-09-20 16:00:58, state=READY} prepare to schedule and its priority is 20
2020-09-20 16:01:06,596 INFO  [FetcherRunner 1922151512-57] threadpool.FetcherRunner:69 : CubingJob{id=8e6ed1b1-33f6-be4f-fb58-26a7785b6561, name=BUILD CUBE - tpch_s1_join_3_tables - FULL_BUILD - UTC 2020-09-20 16:00:58, state=READY} scheduled
2020-09-20 16:01:06,597 INFO  [FetcherRunner 1922151512-57] threadpool.DefaultFetcherRunner:115 : Job Fetcher: 0 should running, 1 actual running, 0 stopped, 1 ready, 10 already succeed, 1 error, 0 discarded, 0 others
2020-09-20 16:01:06,598 INFO  [Scheduler 1655160543 Job 8e6ed1b1-33f6-be4f-fb58-26a7785b6561-103] execution.AbstractExecutable:161 : Executing AbstractExecutable (BUILD CUBE - tpch_s1_join_3_tables - FULL_BUILD - UTC 2020-09-20 16:00:58)
2020-09-20 16:01:06,612 DEBUG [pool-5-thread-1] cachesync.Broadcaster:119 : Servers in the cluster: [localhost:7070]
2020-09-20 16:01:06,611 INFO  [Scheduler 1655160543 Job 8e6ed1b1-33f6-be4f-fb58-26a7785b6561-103] execution.ExecutableManager:479 : job id:8e6ed1b1-33f6-be4f-fb58-26a7785b6561 from READY to RUNNING
2020-09-20 16:01:06,612 DEBUG [pool-5-thread-1] cachesync.Broadcaster:129 : Announcing new broadcast to all: BroadcastEvent{entity=execute_output, event=update, cacheKey=8e6ed1b1-33f6-be4f-fb58-26a7785b6561}
2020-09-20 16:01:06,617 DEBUG [pool-5-thread-1] cachesync.Broadcaster:119 : Servers in the cluster: [localhost:7070]
2020-09-20 16:01:06,617 DEBUG [pool-5-thread-1] cachesync.Broadcaster:129 : Announcing new broadcast to all: BroadcastEvent{entity=execute_output, event=update, cacheKey=8e6ed1b1-33f6-be4f-fb58-26a7785b6561}
2020-09-20 16:01:06,619 INFO  [Scheduler 1655160543 Job 8e6ed1b1-33f6-be4f-fb58-26a7785b6561-103] execution.AbstractExecutable:161 : Executing AbstractExecutable (Create Intermediate Flat Hive Table)
2020-09-20 16:01:06,620 DEBUG [http-bio-7070-exec-4] cachesync.Broadcaster:267 : Broadcasting UPDATE, execute_output, 8e6ed1b1-33f6-be4f-fb58-26a7785b6561
2020-09-20 16:01:06,622 DEBUG [http-bio-7070-exec-4] cachesync.Broadcaster:301 : Done broadcasting UPDATE, execute_output, 8e6ed1b1-33f6-be4f-fb58-26a7785b6561
2020-09-20 16:01:06,624 INFO  [Scheduler 1655160543 Job 8e6ed1b1-33f6-be4f-fb58-26a7785b6561-103] execution.ExecutableManager:479 : job id:8e6ed1b1-33f6-be4f-fb58-26a7785b6561-00 from READY to RUNNING
2020-09-20 16:01:06,632 DEBUG [http-bio-7070-exec-4] cachesync.Broadcaster:267 : Broadcasting UPDATE, execute_output, 8e6ed1b1-33f6-be4f-fb58-26a7785b6561
2020-09-20 16:01:06,633 DEBUG [http-bio-7070-exec-4] cachesync.Broadcaster:301 : Done broadcasting UPDATE, execute_output, 8e6ed1b1-33f6-be4f-fb58-26a7785b6561
2020-09-20 16:01:06,645 INFO  [Scheduler 1655160543 Job 8e6ed1b1-33f6-be4f-fb58-26a7785b6561-103] hive.CreateFlatHiveTableStep:41 : Create and distribute table, cmd: 
2020-09-20 16:01:06,645 INFO  [Scheduler 1655160543 Job 8e6ed1b1-33f6-be4f-fb58-26a7785b6561-103] hive.CreateFlatHiveTableStep:41 : hive -e "set mapreduce.job.name=Create Intermediate Flat Hive Table tpch_s1_join_3_tables 8e6ed1b1-33f6-be4f-fb58-26a7785b6561-00;
USE default;

DROP TABLE IF EXISTS kylin_intermediate_tpch_s1_join_3_tables_74a99875_5450_3a47_6be7_24b280f7ff52;
CREATE EXTERNAL TABLE IF NOT EXISTS kylin_intermediate_tpch_s1_join_3_tables_74a99875_5450_3a47_6be7_24b280f7ff52
(
LINEITEM_L_ORDERKEY bigint
,LINEITEM_L_SUPPKEY bigint
,LINEITEM_L_RETURNFLAG char(1)
,LINEITEM_L_LINESTATUS char(1)
,LINEITEM_L_QUANTITY double
,LINEITEM_L_EXTENDEDPRICE double
,LINEITEM_L_DISCOUNT double
)
STORED AS SEQUENCEFILE
LOCATION 'hdfs://localhost:9000/kylin/kylin_metadata/kylin-8e6ed1b1-33f6-be4f-fb58-26a7785b6561/kylin_intermediate_tpch_s1_join_3_tables_74a99875_5450_3a47_6be7_24b280f7ff52';
ALTER TABLE kylin_intermediate_tpch_s1_join_3_tables_74a99875_5450_3a47_6be7_24b280f7ff52 SET TBLPROPERTIES('auto.purge'='true');
INSERT OVERWRITE TABLE kylin_intermediate_tpch_s1_join_3_tables_74a99875_5450_3a47_6be7_24b280f7ff52 SELECT
LINEITEM.L_ORDERKEY as LINEITEM_L_ORDERKEY
,LINEITEM.L_SUPPKEY as LINEITEM_L_SUPPKEY
,LINEITEM.L_RETURNFLAG as LINEITEM_L_RETURNFLAG
,LINEITEM.L_LINESTATUS as LINEITEM_L_LINESTATUS
,LINEITEM.L_QUANTITY as LINEITEM_L_QUANTITY
,LINEITEM.L_EXTENDEDPRICE as LINEITEM_L_EXTENDEDPRICE
,LINEITEM.L_DISCOUNT as LINEITEM_L_DISCOUNT
 FROM DEFAULT.LINEITEM as LINEITEM
INNER JOIN DEFAULT.SUPPLIER as SUPPLIER
ON LINEITEM.L_SUPPKEY = SUPPLIER.S_SUPPKEY
INNER JOIN DEFAULT.ORDERS as ORDERS
ON LINEITEM.L_ORDERKEY = ORDERS.O_ORDERKEY
WHERE 1=1;

" --hiveconf hive.merge.mapredfiles=false --hiveconf hive.auto.convert.join=true --hiveconf dfs.replication=2 --hiveconf hive.exec.compress.output=true --hiveconf hive.auto.convert.join.noconditionaltask=true --hiveconf mapreduce.job.split.metainfo.maxsize=-1 --hiveconf hive.merge.mapfiles=false --hiveconf hive.auto.convert.join.noconditionaltask.size=100000000 --hiveconf hive.stats.autogather=true
2020-09-20 16:01:06,717 INFO  [Scheduler 1655160543 Job 8e6ed1b1-33f6-be4f-fb58-26a7785b6561-103] hive.CreateFlatHiveTableStep:41 : ls: cannot access /home/admin/spark-2.3.1-bin-hadoop2.6/lib/spark-assembly-*.jar: No such file or directory
2020-09-20 16:01:09,077 INFO  [Scheduler 1655160543 Job 8e6ed1b1-33f6-be4f-fb58-26a7785b6561-103] hive.CreateFlatHiveTableStep:41 : 
2020-09-20 16:01:09,078 INFO  [Scheduler 1655160543 Job 8e6ed1b1-33f6-be4f-fb58-26a7785b6561-103] hive.CreateFlatHiveTableStep:41 : Logging initialized using configuration in jar:file:/home/admin/apache-hive-1.2.1-bin/lib/hive-common-1.2.1.jar!/hive-log4j.properties
2020-09-20 16:01:12,533 INFO  [Scheduler 1655160543 Job 8e6ed1b1-33f6-be4f-fb58-26a7785b6561-103] hive.CreateFlatHiveTableStep:41 : OK
2020-09-20 16:01:12,534 INFO  [Scheduler 1655160543 Job 8e6ed1b1-33f6-be4f-fb58-26a7785b6561-103] hive.CreateFlatHiveTableStep:41 : Time taken: 0.774 seconds
2020-09-20 16:01:12,573 INFO  [Scheduler 1655160543 Job 8e6ed1b1-33f6-be4f-fb58-26a7785b6561-103] hive.CreateFlatHiveTableStep:41 : OK
2020-09-20 16:01:12,574 INFO  [Scheduler 1655160543 Job 8e6ed1b1-33f6-be4f-fb58-26a7785b6561-103] hive.CreateFlatHiveTableStep:41 : Time taken: 0.04 seconds
2020-09-20 16:01:12,908 INFO  [Scheduler 1655160543 Job 8e6ed1b1-33f6-be4f-fb58-26a7785b6561-103] hive.CreateFlatHiveTableStep:41 : OK
2020-09-20 16:01:12,909 INFO  [Scheduler 1655160543 Job 8e6ed1b1-33f6-be4f-fb58-26a7785b6561-103] hive.CreateFlatHiveTableStep:41 : Time taken: 0.335 seconds
2020-09-20 16:01:13,037 INFO  [Scheduler 1655160543 Job 8e6ed1b1-33f6-be4f-fb58-26a7785b6561-103] hive.CreateFlatHiveTableStep:41 : OK
2020-09-20 16:01:13,038 INFO  [Scheduler 1655160543 Job 8e6ed1b1-33f6-be4f-fb58-26a7785b6561-103] hive.CreateFlatHiveTableStep:41 : Time taken: 0.129 seconds
2020-09-20 16:01:14,681 INFO  [Scheduler 1655160543 Job 8e6ed1b1-33f6-be4f-fb58-26a7785b6561-103] hive.CreateFlatHiveTableStep:41 : Query ID = root_20200920160113_ebff42d7-0cca-464f-b2e4-dde15825dcda
2020-09-20 16:01:14,682 INFO  [Scheduler 1655160543 Job 8e6ed1b1-33f6-be4f-fb58-26a7785b6561-103] hive.CreateFlatHiveTableStep:41 : Total jobs = 4
2020-09-20 16:01:16,860 INFO  [Scheduler 1655160543 Job 8e6ed1b1-33f6-be4f-fb58-26a7785b6561-103] hive.CreateFlatHiveTableStep:41 : 20/09/20 16:01:16 WARN util.NativeCodeLoader: Unable to load native-hadoop library for your platform... using builtin-java classes where applicable
2020-09-20 16:01:17,055 INFO  [Scheduler 1655160543 Job 8e6ed1b1-33f6-be4f-fb58-26a7785b6561-103] hive.CreateFlatHiveTableStep:41 : Execution log at: /tmp/root/root_20200920160113_ebff42d7-0cca-464f-b2e4-dde15825dcda.log
2020-09-20 16:01:17,270 INFO  [Scheduler 1655160543 Job 8e6ed1b1-33f6-be4f-fb58-26a7785b6561-103] hive.CreateFlatHiveTableStep:41 : 2020-09-20 16:01:17	Starting to launch local task to process map join;	maximum memory = 514850816
2020-09-20 16:01:18,157 INFO  [Scheduler 1655160543 Job 8e6ed1b1-33f6-be4f-fb58-26a7785b6561-103] hive.CreateFlatHiveTableStep:41 : 2020-09-20 16:01:18	Dump the side-table for tag: 1 with group count: 10000 into file: file:/tmp/root/d92191a6-acd9-4ce6-a7fa-4486e4320027/hive_2020-09-20_16-01-13_039_4985885424984445385-1/-local-10007/HashTable-Stage-9/MapJoin-mapfile21--.hashtable
2020-09-20 16:01:18,211 INFO  [Scheduler 1655160543 Job 8e6ed1b1-33f6-be4f-fb58-26a7785b6561-103] hive.CreateFlatHiveTableStep:41 : 2020-09-20 16:01:18	Uploaded 1 File to: file:/tmp/root/d92191a6-acd9-4ce6-a7fa-4486e4320027/hive_2020-09-20_16-01-13_039_4985885424984445385-1/-local-10007/HashTable-Stage-9/MapJoin-mapfile21--.hashtable (200851 bytes)
2020-09-20 16:01:18,211 INFO  [Scheduler 1655160543 Job 8e6ed1b1-33f6-be4f-fb58-26a7785b6561-103] hive.CreateFlatHiveTableStep:41 : 2020-09-20 16:01:18	End of local task; Time Taken: 0.942 sec.
2020-09-20 16:01:18,935 INFO  [Scheduler 1655160543 Job 8e6ed1b1-33f6-be4f-fb58-26a7785b6561-103] hive.CreateFlatHiveTableStep:41 : Execution completed successfully
2020-09-20 16:01:18,936 INFO  [Scheduler 1655160543 Job 8e6ed1b1-33f6-be4f-fb58-26a7785b6561-103] hive.CreateFlatHiveTableStep:41 : MapredLocal task succeeded
2020-09-20 16:01:18,962 INFO  [Scheduler 1655160543 Job 8e6ed1b1-33f6-be4f-fb58-26a7785b6561-103] hive.CreateFlatHiveTableStep:41 : Launching Job 1 out of 4
2020-09-20 16:01:18,964 INFO  [Scheduler 1655160543 Job 8e6ed1b1-33f6-be4f-fb58-26a7785b6561-103] hive.CreateFlatHiveTableStep:41 : Number of reduce tasks is set to 0 since there's no reduce operator
2020-09-20 16:01:19,906 INFO  [Scheduler 1655160543 Job 8e6ed1b1-33f6-be4f-fb58-26a7785b6561-103] hive.CreateFlatHiveTableStep:41 : Starting Job = job_1600586737464_0076, Tracking URL = http://4631d0e08cb3:8088/proxy/application_1600586737464_0076/
2020-09-20 16:01:19,911 INFO  [Scheduler 1655160543 Job 8e6ed1b1-33f6-be4f-fb58-26a7785b6561-103] hive.CreateFlatHiveTableStep:41 : Kill Command = /home/admin/hadoop-2.7.0/bin/hadoop job  -kill job_1600586737464_0076
2020-09-20 16:01:25,108 INFO  [Scheduler 1655160543 Job 8e6ed1b1-33f6-be4f-fb58-26a7785b6561-103] hive.CreateFlatHiveTableStep:41 : Hadoop job information for Stage-9: number of mappers: 3; number of reducers: 0
2020-09-20 16:01:25,156 INFO  [Scheduler 1655160543 Job 8e6ed1b1-33f6-be4f-fb58-26a7785b6561-103] hive.CreateFlatHiveTableStep:41 : 2020-09-20 16:01:25,152 Stage-9 map = 0%,  reduce = 0%
2020-09-20 16:01:33,623 INFO  [BadQueryDetector] service.BadQueryDetector:148 : Detect bad query.
2020-09-20 16:01:36,587 INFO  [FetcherRunner 1922151512-57] threadpool.DefaultFetcherRunner:115 : Job Fetcher: 1 should running, 1 actual running, 0 stopped, 0 ready, 10 already succeed, 1 error, 0 discarded, 0 others
2020-09-20 16:01:37,740 INFO  [Scheduler 1655160543 Job 8e6ed1b1-33f6-be4f-fb58-26a7785b6561-103] hive.CreateFlatHiveTableStep:41 : 2020-09-20 16:01:37,739 Stage-9 map = 53%,  reduce = 0%, Cumulative CPU 74.98 sec
2020-09-20 16:01:39,800 INFO  [Scheduler 1655160543 Job 8e6ed1b1-33f6-be4f-fb58-26a7785b6561-103] hive.CreateFlatHiveTableStep:41 : 2020-09-20 16:01:39,800 Stage-9 map = 67%,  reduce = 0%, Cumulative CPU 78.71 sec
2020-09-20 16:01:41,874 INFO  [Scheduler 1655160543 Job 8e6ed1b1-33f6-be4f-fb58-26a7785b6561-103] hive.CreateFlatHiveTableStep:41 : 2020-09-20 16:01:41,873 Stage-9 map = 100%,  reduce = 0%, Cumulative CPU 96.05 sec
2020-09-20 16:01:42,914 INFO  [Scheduler 1655160543 Job 8e6ed1b1-33f6-be4f-fb58-26a7785b6561-103] hive.CreateFlatHiveTableStep:41 : MapReduce Total cumulative CPU time: 1 minutes 36 seconds 50 msec
2020-09-20 16:01:42,961 INFO  [Scheduler 1655160543 Job 8e6ed1b1-33f6-be4f-fb58-26a7785b6561-103] hive.CreateFlatHiveTableStep:41 : Ended Job = job_1600586737464_0076
2020-09-20 16:01:42,991 INFO  [Scheduler 1655160543 Job 8e6ed1b1-33f6-be4f-fb58-26a7785b6561-103] hive.CreateFlatHiveTableStep:41 : Stage-10 is filtered out by condition resolver.
2020-09-20 16:01:42,992 INFO  [Scheduler 1655160543 Job 8e6ed1b1-33f6-be4f-fb58-26a7785b6561-103] hive.CreateFlatHiveTableStep:41 : Stage-11 is filtered out by condition resolver.
2020-09-20 16:01:42,992 INFO  [Scheduler 1655160543 Job 8e6ed1b1-33f6-be4f-fb58-26a7785b6561-103] hive.CreateFlatHiveTableStep:41 : Stage-2 is selected by condition resolver.
2020-09-20 16:01:42,993 INFO  [Scheduler 1655160543 Job 8e6ed1b1-33f6-be4f-fb58-26a7785b6561-103] hive.CreateFlatHiveTableStep:41 : Launching Job 2 out of 4
2020-09-20 16:01:42,997 INFO  [Scheduler 1655160543 Job 8e6ed1b1-33f6-be4f-fb58-26a7785b6561-103] hive.CreateFlatHiveTableStep:41 : Number of reduce tasks not specified. Estimated from input data size: 2
2020-09-20 16:01:42,997 INFO  [Scheduler 1655160543 Job 8e6ed1b1-33f6-be4f-fb58-26a7785b6561-103] hive.CreateFlatHiveTableStep:41 : In order to change the average load for a reducer (in bytes):
2020-09-20 16:01:42,997 INFO  [Scheduler 1655160543 Job 8e6ed1b1-33f6-be4f-fb58-26a7785b6561-103] hive.CreateFlatHiveTableStep:41 :   set hive.exec.reducers.bytes.per.reducer=<number>
2020-09-20 16:01:42,998 INFO  [Scheduler 1655160543 Job 8e6ed1b1-33f6-be4f-fb58-26a7785b6561-103] hive.CreateFlatHiveTableStep:41 : In order to limit the maximum number of reducers:
2020-09-20 16:01:42,998 INFO  [Scheduler 1655160543 Job 8e6ed1b1-33f6-be4f-fb58-26a7785b6561-103] hive.CreateFlatHiveTableStep:41 :   set hive.exec.reducers.max=<number>
2020-09-20 16:01:42,998 INFO  [Scheduler 1655160543 Job 8e6ed1b1-33f6-be4f-fb58-26a7785b6561-103] hive.CreateFlatHiveTableStep:41 : In order to set a constant number of reducers:
2020-09-20 16:01:42,998 INFO  [Scheduler 1655160543 Job 8e6ed1b1-33f6-be4f-fb58-26a7785b6561-103] hive.CreateFlatHiveTableStep:41 :   set mapreduce.job.reduces=<number>
2020-09-20 16:01:43,273 INFO  [Scheduler 1655160543 Job 8e6ed1b1-33f6-be4f-fb58-26a7785b6561-103] hive.CreateFlatHiveTableStep:41 : Starting Job = job_1600586737464_0077, Tracking URL = http://4631d0e08cb3:8088/proxy/application_1600586737464_0077/
2020-09-20 16:01:43,280 INFO  [Scheduler 1655160543 Job 8e6ed1b1-33f6-be4f-fb58-26a7785b6561-103] hive.CreateFlatHiveTableStep:41 : Kill Command = /home/admin/hadoop-2.7.0/bin/hadoop job  -kill job_1600586737464_0077
2020-09-20 16:01:52,556 INFO  [Scheduler 1655160543 Job 8e6ed1b1-33f6-be4f-fb58-26a7785b6561-103] hive.CreateFlatHiveTableStep:41 : Hadoop job information for Stage-2: number of mappers: 2; number of reducers: 2
2020-09-20 16:01:52,616 INFO  [Scheduler 1655160543 Job 8e6ed1b1-33f6-be4f-fb58-26a7785b6561-103] hive.CreateFlatHiveTableStep:41 : 2020-09-20 16:01:52,616 Stage-2 map = 0%,  reduce = 0%
2020-09-20 16:02:00,931 INFO  [Scheduler 1655160543 Job 8e6ed1b1-33f6-be4f-fb58-26a7785b6561-103] hive.CreateFlatHiveTableStep:41 : 2020-09-20 16:02:00,931 Stage-2 map = 50%,  reduce = 0%, Cumulative CPU 9.97 sec
2020-09-20 16:02:06,587 INFO  [FetcherRunner 1922151512-57] threadpool.DefaultFetcherRunner:115 : Job Fetcher: 1 should running, 1 actual running, 0 stopped, 0 ready, 10 already succeed, 1 error, 0 discarded, 0 others
2020-09-20 16:02:09,211 INFO  [Scheduler 1655160543 Job 8e6ed1b1-33f6-be4f-fb58-26a7785b6561-103] hive.CreateFlatHiveTableStep:41 : 2020-09-20 16:02:09,211 Stage-2 map = 62%,  reduce = 0%, Cumulative CPU 40.65 sec
2020-09-20 16:02:11,285 INFO  [Scheduler 1655160543 Job 8e6ed1b1-33f6-be4f-fb58-26a7785b6561-103] hive.CreateFlatHiveTableStep:41 : 2020-09-20 16:02:11,285 Stage-2 map = 62%,  reduce = 8%, Cumulative CPU 49.09 sec
2020-09-20 16:02:12,320 INFO  [Scheduler 1655160543 Job 8e6ed1b1-33f6-be4f-fb58-26a7785b6561-103] hive.CreateFlatHiveTableStep:41 : 2020-09-20 16:02:12,320 Stage-2 map = 62%,  reduce = 17%, Cumulative CPU 50.54 sec
2020-09-20 16:02:17,511 INFO  [Scheduler 1655160543 Job 8e6ed1b1-33f6-be4f-fb58-26a7785b6561-103] hive.CreateFlatHiveTableStep:41 : 2020-09-20 16:02:17,511 Stage-2 map = 74%,  reduce = 17%, Cumulative CPU 63.37 sec
2020-09-20 16:02:23,717 INFO  [Scheduler 1655160543 Job 8e6ed1b1-33f6-be4f-fb58-26a7785b6561-103] hive.CreateFlatHiveTableStep:41 : 2020-09-20 16:02:23,716 Stage-2 map = 83%,  reduce = 17%, Cumulative CPU 75.55 sec
2020-09-20 16:02:26,826 INFO  [Scheduler 1655160543 Job 8e6ed1b1-33f6-be4f-fb58-26a7785b6561-103] hive.CreateFlatHiveTableStep:41 : 2020-09-20 16:02:26,826 Stage-2 map = 97%,  reduce = 17%, Cumulative CPU 80.06 sec
2020-09-20 16:02:27,863 INFO  [Scheduler 1655160543 Job 8e6ed1b1-33f6-be4f-fb58-26a7785b6561-103] hive.CreateFlatHiveTableStep:41 : 2020-09-20 16:02:27,863 Stage-2 map = 100%,  reduce = 17%, Cumulative CPU 80.78 sec
2020-09-20 16:02:29,935 INFO  [Scheduler 1655160543 Job 8e6ed1b1-33f6-be4f-fb58-26a7785b6561-103] hive.CreateFlatHiveTableStep:41 : 2020-09-20 16:02:29,935 Stage-2 map = 100%,  reduce = 42%, Cumulative CPU 89.01 sec
2020-09-20 16:02:30,971 INFO  [Scheduler 1655160543 Job 8e6ed1b1-33f6-be4f-fb58-26a7785b6561-103] hive.CreateFlatHiveTableStep:41 : 2020-09-20 16:02:30,971 Stage-2 map = 100%,  reduce = 68%, Cumulative CPU 99.07 sec
2020-09-20 16:02:33,039 INFO  [Scheduler 1655160543 Job 8e6ed1b1-33f6-be4f-fb58-26a7785b6561-103] hive.CreateFlatHiveTableStep:41 : 2020-09-20 16:02:33,039 Stage-2 map = 100%,  reduce = 69%, Cumulative CPU 104.6 sec
2020-09-20 16:02:33,624 INFO  [BadQueryDetector] service.BadQueryDetector:148 : Detect bad query.
2020-09-20 16:02:34,098 INFO  [Scheduler 1655160543 Job 8e6ed1b1-33f6-be4f-fb58-26a7785b6561-103] hive.CreateFlatHiveTableStep:41 : 2020-09-20 16:02:34,098 Stage-2 map = 100%,  reduce = 71%, Cumulative CPU 110.39 sec
2020-09-20 16:02:34,210 DEBUG [streaming_job_submitter-thread-1] coordinate.BuildJobSubmitter:142 : 
========================================================================= 1
2020-09-20 16:02:34,211 TRACE [streaming_job_submitter-thread-1] coordinate.BuildJobSubmitter:530 : Dump JobCheckList:	
2020-09-20 16:02:34,211 DEBUG [streaming_job_submitter-thread-1] coordinator.ZookeeperStreamMetadataStore:673 : [StreamMetadataStoreStats]  read : 1 ; write: 1 ; read failed: 0 ; write failed: 0 .
2020-09-20 16:02:34,211 INFO  [streaming_job_submitter-thread-1] coordinate.BuildJobSubmitter:157 : Force traverse all cubes periodically.
2020-09-20 16:02:35,124 INFO  [Scheduler 1655160543 Job 8e6ed1b1-33f6-be4f-fb58-26a7785b6561-103] hive.CreateFlatHiveTableStep:41 : 2020-09-20 16:02:35,123 Stage-2 map = 100%,  reduce = 72%, Cumulative CPU 115.32 sec
2020-09-20 16:02:36,158 INFO  [Scheduler 1655160543 Job 8e6ed1b1-33f6-be4f-fb58-26a7785b6561-103] hive.CreateFlatHiveTableStep:41 : 2020-09-20 16:02:36,158 Stage-2 map = 100%,  reduce = 74%, Cumulative CPU 119.97 sec
2020-09-20 16:02:36,587 INFO  [FetcherRunner 1922151512-57] threadpool.DefaultFetcherRunner:115 : Job Fetcher: 1 should running, 1 actual running, 0 stopped, 0 ready, 10 already succeed, 1 error, 0 discarded, 0 others
2020-09-20 16:02:38,224 INFO  [Scheduler 1655160543 Job 8e6ed1b1-33f6-be4f-fb58-26a7785b6561-103] hive.CreateFlatHiveTableStep:41 : 2020-09-20 16:02:38,223 Stage-2 map = 100%,  reduce = 75%, Cumulative CPU 124.58 sec
2020-09-20 16:02:39,256 INFO  [Scheduler 1655160543 Job 8e6ed1b1-33f6-be4f-fb58-26a7785b6561-103] hive.CreateFlatHiveTableStep:41 : 2020-09-20 16:02:39,256 Stage-2 map = 100%,  reduce = 77%, Cumulative CPU 129.22 sec
2020-09-20 16:02:41,324 INFO  [Scheduler 1655160543 Job 8e6ed1b1-33f6-be4f-fb58-26a7785b6561-103] hive.CreateFlatHiveTableStep:41 : 2020-09-20 16:02:41,324 Stage-2 map = 100%,  reduce = 78%, Cumulative CPU 133.69 sec
2020-09-20 16:02:42,356 INFO  [Scheduler 1655160543 Job 8e6ed1b1-33f6-be4f-fb58-26a7785b6561-103] hive.CreateFlatHiveTableStep:41 : 2020-09-20 16:02:42,355 Stage-2 map = 100%,  reduce = 79%, Cumulative CPU 138.5 sec
2020-09-20 16:02:44,423 INFO  [Scheduler 1655160543 Job 8e6ed1b1-33f6-be4f-fb58-26a7785b6561-103] hive.CreateFlatHiveTableStep:41 : 2020-09-20 16:02:44,423 Stage-2 map = 100%,  reduce = 81%, Cumulative CPU 143.39 sec
2020-09-20 16:02:45,454 INFO  [Scheduler 1655160543 Job 8e6ed1b1-33f6-be4f-fb58-26a7785b6561-103] hive.CreateFlatHiveTableStep:41 : 2020-09-20 16:02:45,454 Stage-2 map = 100%,  reduce = 82%, Cumulative CPU 148.47 sec
2020-09-20 16:02:47,520 INFO  [Scheduler 1655160543 Job 8e6ed1b1-33f6-be4f-fb58-26a7785b6561-103] hive.CreateFlatHiveTableStep:41 : 2020-09-20 16:02:47,519 Stage-2 map = 100%,  reduce = 84%, Cumulative CPU 153.46 sec
2020-09-20 16:02:48,552 INFO  [Scheduler 1655160543 Job 8e6ed1b1-33f6-be4f-fb58-26a7785b6561-103] hive.CreateFlatHiveTableStep:41 : 2020-09-20 16:02:48,552 Stage-2 map = 100%,  reduce = 85%, Cumulative CPU 158.88 sec
2020-09-20 16:02:50,615 INFO  [Scheduler 1655160543 Job 8e6ed1b1-33f6-be4f-fb58-26a7785b6561-103] hive.CreateFlatHiveTableStep:41 : 2020-09-20 16:02:50,615 Stage-2 map = 100%,  reduce = 87%, Cumulative CPU 163.43 sec
2020-09-20 16:02:51,364 DEBUG [http-bio-7070-exec-8] badquery.BadQueryHistoryManager:65 : Loaded 0 Bad Query(s)
2020-09-20 16:02:51,649 INFO  [Scheduler 1655160543 Job 8e6ed1b1-33f6-be4f-fb58-26a7785b6561-103] hive.CreateFlatHiveTableStep:41 : 2020-09-20 16:02:51,648 Stage-2 map = 100%,  reduce = 88%, Cumulative CPU 168.05 sec
2020-09-20 16:02:53,714 INFO  [Scheduler 1655160543 Job 8e6ed1b1-33f6-be4f-fb58-26a7785b6561-103] hive.CreateFlatHiveTableStep:41 : 2020-09-20 16:02:53,714 Stage-2 map = 100%,  reduce = 90%, Cumulative CPU 173.74 sec
2020-09-20 16:02:54,749 INFO  [Scheduler 1655160543 Job 8e6ed1b1-33f6-be4f-fb58-26a7785b6561-103] hive.CreateFlatHiveTableStep:41 : 2020-09-20 16:02:54,748 Stage-2 map = 100%,  reduce = 91%, Cumulative CPU 179.2 sec
2020-09-20 16:02:56,829 INFO  [Scheduler 1655160543 Job 8e6ed1b1-33f6-be4f-fb58-26a7785b6561-103] hive.CreateFlatHiveTableStep:41 : 2020-09-20 16:02:56,829 Stage-2 map = 100%,  reduce = 93%, Cumulative CPU 183.77 sec
2020-09-20 16:02:57,864 INFO  [Scheduler 1655160543 Job 8e6ed1b1-33f6-be4f-fb58-26a7785b6561-103] hive.CreateFlatHiveTableStep:41 : 2020-09-20 16:02:57,864 Stage-2 map = 100%,  reduce = 94%, Cumulative CPU 188.56 sec
2020-09-20 16:02:59,927 INFO  [Scheduler 1655160543 Job 8e6ed1b1-33f6-be4f-fb58-26a7785b6561-103] hive.CreateFlatHiveTableStep:41 : 2020-09-20 16:02:59,927 Stage-2 map = 100%,  reduce = 95%, Cumulative CPU 193.38 sec
2020-09-20 16:03:00,946 INFO  [Scheduler 1655160543 Job 8e6ed1b1-33f6-be4f-fb58-26a7785b6561-103] hive.CreateFlatHiveTableStep:41 : 2020-09-20 16:03:00,945 Stage-2 map = 100%,  reduce = 97%, Cumulative CPU 198.68 sec
2020-09-20 16:03:03,011 INFO  [Scheduler 1655160543 Job 8e6ed1b1-33f6-be4f-fb58-26a7785b6561-103] hive.CreateFlatHiveTableStep:41 : 2020-09-20 16:03:03,011 Stage-2 map = 100%,  reduce = 99%, Cumulative CPU 206.73 sec
2020-09-20 16:03:04,046 INFO  [Scheduler 1655160543 Job 8e6ed1b1-33f6-be4f-fb58-26a7785b6561-103] hive.CreateFlatHiveTableStep:41 : 2020-09-20 16:03:04,046 Stage-2 map = 100%,  reduce = 100%, Cumulative CPU 208.58 sec
2020-09-20 16:03:05,078 INFO  [Scheduler 1655160543 Job 8e6ed1b1-33f6-be4f-fb58-26a7785b6561-103] hive.CreateFlatHiveTableStep:41 : MapReduce Total cumulative CPU time: 3 minutes 28 seconds 580 msec
2020-09-20 16:03:05,099 INFO  [Scheduler 1655160543 Job 8e6ed1b1-33f6-be4f-fb58-26a7785b6561-103] hive.CreateFlatHiveTableStep:41 : Ended Job = job_1600586737464_0077
2020-09-20 16:03:05,114 INFO  [Scheduler 1655160543 Job 8e6ed1b1-33f6-be4f-fb58-26a7785b6561-103] hive.CreateFlatHiveTableStep:41 : Loading data to table default.kylin_intermediate_tpch_s1_join_3_tables_74a99875_5450_3a47_6be7_24b280f7ff52
2020-09-20 16:03:05,346 INFO  [Scheduler 1655160543 Job 8e6ed1b1-33f6-be4f-fb58-26a7785b6561-103] hive.CreateFlatHiveTableStep:41 : Table default.kylin_intermediate_tpch_s1_join_3_tables_74a99875_5450_3a47_6be7_24b280f7ff52 stats: [numFiles=0, numRows=6001215, totalSize=0, rawDataSize=203705549]
2020-09-20 16:03:05,347 INFO  [Scheduler 1655160543 Job 8e6ed1b1-33f6-be4f-fb58-26a7785b6561-103] hive.CreateFlatHiveTableStep:41 : MapReduce Jobs Launched: 
2020-09-20 16:03:05,348 INFO  [Scheduler 1655160543 Job 8e6ed1b1-33f6-be4f-fb58-26a7785b6561-103] hive.CreateFlatHiveTableStep:41 : Stage-Stage-9: Map: 3   Cumulative CPU: 96.05 sec   HDFS Read: 759908373 HDFS Write: 314844965 SUCCESS
2020-09-20 16:03:05,348 INFO  [Scheduler 1655160543 Job 8e6ed1b1-33f6-be4f-fb58-26a7785b6561-103] hive.CreateFlatHiveTableStep:41 : Stage-Stage-2: Map: 2  Reduce: 2   Cumulative CPU: 208.58 sec   HDFS Read: 486826108 HDFS Write: 329871818 SUCCESS
2020-09-20 16:03:05,348 INFO  [Scheduler 1655160543 Job 8e6ed1b1-33f6-be4f-fb58-26a7785b6561-103] hive.CreateFlatHiveTableStep:41 : Total MapReduce CPU Time Spent: 5 minutes 4 seconds 630 msec
2020-09-20 16:03:05,348 INFO  [Scheduler 1655160543 Job 8e6ed1b1-33f6-be4f-fb58-26a7785b6561-103] hive.CreateFlatHiveTableStep:41 : OK
2020-09-20 16:03:05,352 INFO  [Scheduler 1655160543 Job 8e6ed1b1-33f6-be4f-fb58-26a7785b6561-103] hive.CreateFlatHiveTableStep:41 : Time taken: 112.31 seconds
2020-09-20 16:03:05,528 INFO  [Scheduler 1655160543 Job 8e6ed1b1-33f6-be4f-fb58-26a7785b6561-103] hive.CreateFlatHiveTableStep:68 : HDFS_Bytes_Writen: 329871508
2020-09-20 16:03:05,538 INFO  [Scheduler 1655160543 Job 8e6ed1b1-33f6-be4f-fb58-26a7785b6561-103] execution.ExecutableManager:479 : job id:8e6ed1b1-33f6-be4f-fb58-26a7785b6561-00 from RUNNING to SUCCEED
2020-09-20 16:03:05,541 DEBUG [pool-5-thread-1] cachesync.Broadcaster:119 : Servers in the cluster: [localhost:7070]
2020-09-20 16:03:05,541 DEBUG [pool-5-thread-1] cachesync.Broadcaster:129 : Announcing new broadcast to all: BroadcastEvent{entity=execute_output, event=update, cacheKey=8e6ed1b1-33f6-be4f-fb58-26a7785b6561}
2020-09-20 16:03:05,550 DEBUG [http-bio-7070-exec-6] cachesync.Broadcaster:267 : Broadcasting UPDATE, execute_output, 8e6ed1b1-33f6-be4f-fb58-26a7785b6561
2020-09-20 16:03:05,552 DEBUG [http-bio-7070-exec-6] cachesync.Broadcaster:301 : Done broadcasting UPDATE, execute_output, 8e6ed1b1-33f6-be4f-fb58-26a7785b6561
2020-09-20 16:03:05,557 DEBUG [pool-5-thread-1] cachesync.Broadcaster:119 : Servers in the cluster: [localhost:7070]
2020-09-20 16:03:05,557 INFO  [Scheduler 1655160543 Job 8e6ed1b1-33f6-be4f-fb58-26a7785b6561-103] execution.ExecutableManager:479 : job id:8e6ed1b1-33f6-be4f-fb58-26a7785b6561 from RUNNING to READY
2020-09-20 16:03:05,557 DEBUG [pool-5-thread-1] cachesync.Broadcaster:129 : Announcing new broadcast to all: BroadcastEvent{entity=execute_output, event=update, cacheKey=8e6ed1b1-33f6-be4f-fb58-26a7785b6561}
2020-09-20 16:03:05,561 INFO  [FetcherRunner 1922151512-57] threadpool.FetcherRunner:65 : CubingJob{id=8e6ed1b1-33f6-be4f-fb58-26a7785b6561, name=BUILD CUBE - tpch_s1_join_3_tables - FULL_BUILD - UTC 2020-09-20 16:00:58, state=READY} prepare to schedule and its priority is 20
2020-09-20 16:03:05,561 INFO  [FetcherRunner 1922151512-57] threadpool.FetcherRunner:69 : CubingJob{id=8e6ed1b1-33f6-be4f-fb58-26a7785b6561, name=BUILD CUBE - tpch_s1_join_3_tables - FULL_BUILD - UTC 2020-09-20 16:00:58, state=READY} scheduled
2020-09-20 16:03:05,561 INFO  [FetcherRunner 1922151512-57] threadpool.DefaultFetcherRunner:115 : Job Fetcher: 0 should running, 1 actual running, 0 stopped, 1 ready, 10 already succeed, 1 error, 0 discarded, 0 others
2020-09-20 16:03:05,563 INFO  [Scheduler 1655160543 Job 8e6ed1b1-33f6-be4f-fb58-26a7785b6561-106] execution.AbstractExecutable:161 : Executing AbstractExecutable (BUILD CUBE - tpch_s1_join_3_tables - FULL_BUILD - UTC 2020-09-20 16:00:58)
2020-09-20 16:03:05,563 DEBUG [http-bio-7070-exec-6] cachesync.Broadcaster:267 : Broadcasting UPDATE, execute_output, 8e6ed1b1-33f6-be4f-fb58-26a7785b6561
2020-09-20 16:03:05,564 DEBUG [http-bio-7070-exec-6] cachesync.Broadcaster:301 : Done broadcasting UPDATE, execute_output, 8e6ed1b1-33f6-be4f-fb58-26a7785b6561
2020-09-20 16:03:05,567 INFO  [Scheduler 1655160543 Job 8e6ed1b1-33f6-be4f-fb58-26a7785b6561-106] execution.ExecutableManager:479 : job id:8e6ed1b1-33f6-be4f-fb58-26a7785b6561 from READY to RUNNING
2020-09-20 16:03:05,567 DEBUG [pool-5-thread-1] cachesync.Broadcaster:119 : Servers in the cluster: [localhost:7070]
2020-09-20 16:03:05,567 DEBUG [pool-5-thread-1] cachesync.Broadcaster:129 : Announcing new broadcast to all: BroadcastEvent{entity=execute_output, event=update, cacheKey=8e6ed1b1-33f6-be4f-fb58-26a7785b6561}
2020-09-20 16:03:05,569 DEBUG [pool-5-thread-1] cachesync.Broadcaster:119 : Servers in the cluster: [localhost:7070]
2020-09-20 16:03:05,570 DEBUG [pool-5-thread-1] cachesync.Broadcaster:129 : Announcing new broadcast to all: BroadcastEvent{entity=execute_output, event=update, cacheKey=8e6ed1b1-33f6-be4f-fb58-26a7785b6561}
2020-09-20 16:03:05,572 INFO  [Scheduler 1655160543 Job 8e6ed1b1-33f6-be4f-fb58-26a7785b6561-106] execution.AbstractExecutable:161 : Executing AbstractExecutable (Extract Fact Table Distinct Columns)
2020-09-20 16:03:05,572 DEBUG [http-bio-7070-exec-6] cachesync.Broadcaster:267 : Broadcasting UPDATE, execute_output, 8e6ed1b1-33f6-be4f-fb58-26a7785b6561
2020-09-20 16:03:05,573 DEBUG [http-bio-7070-exec-6] cachesync.Broadcaster:301 : Done broadcasting UPDATE, execute_output, 8e6ed1b1-33f6-be4f-fb58-26a7785b6561
2020-09-20 16:03:05,575 INFO  [Scheduler 1655160543 Job 8e6ed1b1-33f6-be4f-fb58-26a7785b6561-106] execution.ExecutableManager:479 : job id:8e6ed1b1-33f6-be4f-fb58-26a7785b6561-01 from READY to RUNNING
2020-09-20 16:03:05,580 DEBUG [http-bio-7070-exec-6] cachesync.Broadcaster:267 : Broadcasting UPDATE, execute_output, 8e6ed1b1-33f6-be4f-fb58-26a7785b6561
2020-09-20 16:03:05,581 DEBUG [http-bio-7070-exec-6] cachesync.Broadcaster:301 : Done broadcasting UPDATE, execute_output, 8e6ed1b1-33f6-be4f-fb58-26a7785b6561
2020-09-20 16:03:05,660 INFO  [Scheduler 1655160543 Job 8e6ed1b1-33f6-be4f-fb58-26a7785b6561-106] common.MapReduceExecutable:141 : parameters of the MapReduceExecutable:  -conf /home/admin/apache-kylin-3.1.0-bin-hbase1x/conf/kylin_job_conf.xml -cubename tpch_s1_join_3_tables -output hdfs://localhost:9000/kylin/kylin_metadata/kylin-8e6ed1b1-33f6-be4f-fb58-26a7785b6561/tpch_s1_join_3_tables/fact_distinct_columns -segmentid 74a99875-5450-3a47-6be7-24b280f7ff52 -statisticsoutput hdfs://localhost:9000/kylin/kylin_metadata/kylin-8e6ed1b1-33f6-be4f-fb58-26a7785b6561/tpch_s1_join_3_tables/fact_distinct_columns/statistics -statisticssamplingpercent 100 -jobname Kylin_Fact_Distinct_Columns_tpch_s1_join_3_tables_Step -cubingJobId 8e6ed1b1-33f6-be4f-fb58-26a7785b6561
2020-09-20 16:03:05,667 INFO  [Scheduler 1655160543 Job 8e6ed1b1-33f6-be4f-fb58-26a7785b6561-106] steps.FactDistinctColumnsJob:100 : Starting: Kylin_Fact_Distinct_Columns_tpch_s1_join_3_tables_Step
2020-09-20 16:03:05,667 INFO  [Scheduler 1655160543 Job 8e6ed1b1-33f6-be4f-fb58-26a7785b6561-106] common.AbstractHadoopJob:227 : Didn't find mapreduce.application.classpath in job configuration, will run 'mapred classpath' to get the default value.
2020-09-20 16:03:05,773 INFO  [Scheduler 1655160543 Job 8e6ed1b1-33f6-be4f-fb58-26a7785b6561-106] common.AbstractHadoopJob:230 : The default mapred classpath is: /home/admin/hadoop-2.7.0/etc/hadoop,/home/admin/hadoop-2.7.0/share/hadoop/common/lib/*,/home/admin/hadoop-2.7.0/share/hadoop/common/*,/home/admin/hadoop-2.7.0/share/hadoop/hdfs,/home/admin/hadoop-2.7.0/share/hadoop/hdfs/lib/*,/home/admin/hadoop-2.7.0/share/hadoop/hdfs/*,/home/admin/hadoop-2.7.0/share/hadoop/yarn/lib/*,/home/admin/hadoop-2.7.0/share/hadoop/yarn/*,/home/admin/hadoop-2.7.0/share/hadoop/mapreduce/lib/*,/home/admin/hadoop-2.7.0/share/hadoop/mapreduce/*,/home/admin/hadoop-2.7.0/contrib/capacity-scheduler/*.jar,/home/admin/hadoop-2.7.0/share/hadoop/mapreduce/hadoop-mapreduce-client-app-2.7.0.jar,/home/admin/hadoop-2.7.0/share/hadoop/mapreduce/hadoop-mapreduce-client-common-2.7.0.jar,/home/admin/hadoop-2.7.0/share/hadoop/mapreduce/hadoop-mapreduce-client-core-2.7.0.jar,/home/admin/hadoop-2.7.0/share/hadoop/mapreduce/hadoop-mapreduce-client-hs-2.7.0.jar,/home/admin/hadoop-2.7.0/share/hadoop/mapreduce/hadoop-mapreduce-client-hs-plugins-2.7.0.jar,/home/admin/hadoop-2.7.0/share/hadoop/mapreduce/hadoop-mapreduce-client-jobclient-2.7.0.jar,/home/admin/hadoop-2.7.0/share/hadoop/mapreduce/hadoop-mapreduce-client-jobclient-2.7.0-tests.jar,/home/admin/hadoop-2.7.0/share/hadoop/mapreduce/hadoop-mapreduce-client-shuffle-2.7.0.jar,/home/admin/hadoop-2.7.0/share/hadoop/mapreduce/hadoop-mapreduce-examples-2.7.0.jar,/home/admin/hadoop-2.7.0/share/hadoop/yarn/hadoop-yarn-api-2.7.0.jar,/home/admin/hadoop-2.7.0/share/hadoop/yarn/hadoop-yarn-applications-distributedshell-2.7.0.jar,/home/admin/hadoop-2.7.0/share/hadoop/yarn/hadoop-yarn-applications-unmanaged-am-launcher-2.7.0.jar,/home/admin/hadoop-2.7.0/share/hadoop/yarn/hadoop-yarn-client-2.7.0.jar,/home/admin/hadoop-2.7.0/share/hadoop/yarn/hadoop-yarn-common-2.7.0.jar,/home/admin/hadoop-2.7.0/share/hadoop/yarn/hadoop-yarn-registry-2.7.0.jar,/home/admin/hadoop-2.7.0/share/hadoop/yarn/hadoop-yarn-server-applicationhistoryservice-2.7.0.jar,/home/admin/hadoop-2.7.0/share/hadoop/yarn/hadoop-yarn-server-common-2.7.0.jar,/home/admin/hadoop-2.7.0/share/hadoop/yarn/hadoop-yarn-server-nodemanager-2.7.0.jar,/home/admin/hadoop-2.7.0/share/hadoop/yarn/hadoop-yarn-server-resourcemanager-2.7.0.jar,/home/admin/hadoop-2.7.0/share/hadoop/yarn/hadoop-yarn-server-sharedcachemanager-2.7.0.jar,/home/admin/hadoop-2.7.0/share/hadoop/yarn/hadoop-yarn-server-tests-2.7.0.jar,/home/admin/hadoop-2.7.0/share/hadoop/yarn/hadoop-yarn-server-web-proxy-2.7.0.jar,/home/admin/hadoop-2.7.0/share/hadoop/mapreduce/lib/aopalliance-1.0.jar,/home/admin/hadoop-2.7.0/share/hadoop/mapreduce/lib/asm-3.2.jar,/home/admin/hadoop-2.7.0/share/hadoop/mapreduce/lib/avro-1.7.4.jar,/home/admin/hadoop-2.7.0/share/hadoop/mapreduce/lib/commons-compress-1.4.1.jar,/home/admin/hadoop-2.7.0/share/hadoop/mapreduce/lib/commons-io-2.4.jar,/home/admin/hadoop-2.7.0/share/hadoop/mapreduce/lib/guice-3.0.jar,/home/admin/hadoop-2.7.0/share/hadoop/mapreduce/lib/guice-servlet-3.0.jar,/home/admin/hadoop-2.7.0/share/hadoop/mapreduce/lib/hadoop-annotations-2.7.0.jar,/home/admin/hadoop-2.7.0/share/hadoop/mapreduce/lib/hamcrest-core-1.3.jar,/home/admin/hadoop-2.7.0/share/hadoop/mapreduce/lib/jackson-core-asl-1.9.13.jar,/home/admin/hadoop-2.7.0/share/hadoop/mapreduce/lib/jackson-mapper-asl-1.9.13.jar,/home/admin/hadoop-2.7.0/share/hadoop/mapreduce/lib/javax.inject-1.jar,/home/admin/hadoop-2.7.0/share/hadoop/mapreduce/lib/jersey-core-1.9.jar,/home/admin/hadoop-2.7.0/share/hadoop/mapreduce/lib/jersey-guice-1.9.jar,/home/admin/hadoop-2.7.0/share/hadoop/mapreduce/lib/jersey-server-1.9.jar,/home/admin/hadoop-2.7.0/share/hadoop/mapreduce/lib/junit-4.11.jar,/home/admin/hadoop-2.7.0/share/hadoop/mapreduce/lib/leveldbjni-all-1.8.jar,/home/admin/hadoop-2.7.0/share/hadoop/mapreduce/lib/log4j-1.2.17.jar,/home/admin/hadoop-2.7.0/share/hadoop/mapreduce/lib/netty-3.6.2.Final.jar,/home/admin/hadoop-2.7.0/share/hadoop/mapreduce/lib/paranamer-2.3.jar,/home/admin/hadoop-2.7.0/share/hadoop/mapreduce/lib/protobuf-java-2.5.0.jar,/home/admin/hadoop-2.7.0/share/hadoop/mapreduce/lib/snappy-java-1.0.4.1.jar,/home/admin/hadoop-2.7.0/share/hadoop/mapreduce/lib/xz-1.0.jar,/home/admin/hadoop-2.7.0/modules/*.jar
2020-09-20 16:03:06,642 INFO  [FetcherRunner 1922151512-57] threadpool.DefaultFetcherRunner:115 : Job Fetcher: 1 should running, 1 actual running, 0 stopped, 0 ready, 10 already succeed, 1 error, 0 discarded, 0 others
2020-09-20 16:03:09,029 INFO  [Scheduler 1655160543 Job 8e6ed1b1-33f6-be4f-fb58-26a7785b6561-106] steps.FactDistinctColumnsJob:138 : org.apache.kylin.engine.mr.steps.FactDistinctColumnsJob has reducers 5.
2020-09-20 16:03:09,214 INFO  [Scheduler 1655160543 Job 8e6ed1b1-33f6-be4f-fb58-26a7785b6561-106] common.KylinConfigBase:237 : Kylin Config was updated with kylin.metadata.url : /home/admin/apache-kylin-3.1.0-bin-hbase1x/bin/../tomcat/temp/kylin_job_meta8303901902257744907/meta
2020-09-20 16:03:09,215 INFO  [Scheduler 1655160543 Job 8e6ed1b1-33f6-be4f-fb58-26a7785b6561-106] persistence.ResourceStore:90 : Using metadata url /home/admin/apache-kylin-3.1.0-bin-hbase1x/bin/../tomcat/temp/kylin_job_meta8303901902257744907/meta for resource store
2020-09-20 16:03:09,306 DEBUG [Scheduler 1655160543 Job 8e6ed1b1-33f6-be4f-fb58-26a7785b6561-106] common.JobRelatedMetaUtil:78 : Dump resources to /home/admin/apache-kylin-3.1.0-bin-hbase1x/bin/../tomcat/temp/kylin_job_meta8303901902257744907/meta took 92 ms
2020-09-20 16:03:09,306 INFO  [Scheduler 1655160543 Job 8e6ed1b1-33f6-be4f-fb58-26a7785b6561-106] common.AbstractHadoopJob:627 : HDFS meta dir is: file:///home/admin/apache-kylin-3.1.0-bin-hbase1x/bin/../tomcat/temp/kylin_job_meta8303901902257744907/meta
2020-09-20 16:03:10,225 INFO  [Scheduler 1655160543 Job 8e6ed1b1-33f6-be4f-fb58-26a7785b6561-106] common.AbstractHadoopJob:634 : tmpFilesString is : file:///home/admin/apache-kylin-3.1.0-bin-hbase1x/bin/../tomcat/temp/kylin_job_meta8303901902257744907/meta
2020-09-20 16:03:30,341 INFO  [Scheduler 1655160543 Job 8e6ed1b1-33f6-be4f-fb58-26a7785b6561-106] execution.ExecutableManager:479 : job id:8e6ed1b1-33f6-be4f-fb58-26a7785b6561-01 from RUNNING to ERROR
2020-09-20 16:03:30,348 INFO  [Scheduler 1655160543 Job 8e6ed1b1-33f6-be4f-fb58-26a7785b6561-106] execution.ExecutableManager:479 : job id:8e6ed1b1-33f6-be4f-fb58-26a7785b6561-01 from ERROR to ERROR
2020-09-20 16:03:30,352 DEBUG [pool-5-thread-1] cachesync.Broadcaster:119 : Servers in the cluster: [localhost:7070]
2020-09-20 16:03:30,353 DEBUG [pool-5-thread-1] cachesync.Broadcaster:129 : Announcing new broadcast to all: BroadcastEvent{entity=execute_output, event=update, cacheKey=8e6ed1b1-33f6-be4f-fb58-26a7785b6561}
2020-09-20 16:03:30,356 DEBUG [pool-5-thread-1] cachesync.Broadcaster:119 : Servers in the cluster: [localhost:7070]
2020-09-20 16:03:30,366 INFO  [Scheduler 1655160543 Job 8e6ed1b1-33f6-be4f-fb58-26a7785b6561-106] execution.ExecutableManager:479 : job id:8e6ed1b1-33f6-be4f-fb58-26a7785b6561 from RUNNING to ERROR
2020-09-20 16:03:30,368 DEBUG [pool-5-thread-1] cachesync.Broadcaster:129 : Announcing new broadcast to all: BroadcastEvent{entity=execute_output, event=update, cacheKey=8e6ed1b1-33f6-be4f-fb58-26a7785b6561}
2020-09-20 16:03:30,368 DEBUG [Scheduler 1655160543 Job 8e6ed1b1-33f6-be4f-fb58-26a7785b6561-106] execution.AbstractExecutable:331 : no need to send email, user list is empty
2020-09-20 16:03:30,370 DEBUG [pool-5-thread-1] cachesync.Broadcaster:119 : Servers in the cluster: [localhost:7070]
2020-09-20 16:03:30,371 DEBUG [pool-5-thread-1] cachesync.Broadcaster:129 : Announcing new broadcast to all: BroadcastEvent{entity=execute_output, event=update, cacheKey=8e6ed1b1-33f6-be4f-fb58-26a7785b6561}
2020-09-20 16:03:30,381 DEBUG [http-bio-7070-exec-2] cachesync.Broadcaster:267 : Broadcasting UPDATE, execute_output, 8e6ed1b1-33f6-be4f-fb58-26a7785b6561
2020-09-20 16:03:30,382 INFO  [FetcherRunner 1922151512-57] threadpool.DefaultFetcherRunner:115 : Job Fetcher: 0 should running, 0 actual running, 0 stopped, 0 ready, 10 already succeed, 2 error, 0 discarded, 0 others
2020-09-20 16:03:30,383 DEBUG [http-bio-7070-exec-2] cachesync.Broadcaster:301 : Done broadcasting UPDATE, execute_output, 8e6ed1b1-33f6-be4f-fb58-26a7785b6561
2020-09-20 16:03:30,393 DEBUG [http-bio-7070-exec-2] cachesync.Broadcaster:267 : Broadcasting UPDATE, execute_output, 8e6ed1b1-33f6-be4f-fb58-26a7785b6561
2020-09-20 16:03:30,394 DEBUG [http-bio-7070-exec-2] cachesync.Broadcaster:301 : Done broadcasting UPDATE, execute_output, 8e6ed1b1-33f6-be4f-fb58-26a7785b6561
2020-09-20 16:03:30,402 DEBUG [http-bio-7070-exec-2] cachesync.Broadcaster:267 : Broadcasting UPDATE, execute_output, 8e6ed1b1-33f6-be4f-fb58-26a7785b6561
2020-09-20 16:03:30,403 DEBUG [http-bio-7070-exec-2] cachesync.Broadcaster:301 : Done broadcasting UPDATE, execute_output, 8e6ed1b1-33f6-be4f-fb58-26a7785b6561
2020-09-20 16:03:33,625 INFO  [BadQueryDetector] service.BadQueryDetector:148 : Detect bad query.
2020-09-20 16:03:36,587 INFO  [FetcherRunner 1922151512-57] threadpool.DefaultFetcherRunner:115 : Job Fetcher: 0 should running, 0 actual running, 0 stopped, 0 ready, 10 already succeed, 2 error, 0 discarded, 0 others
2020-09-20 16:04:06,587 INFO  [FetcherRunner 1922151512-57] threadpool.DefaultFetcherRunner:115 : Job Fetcher: 0 should running, 0 actual running, 0 stopped, 0 ready, 10 already succeed, 2 error, 0 discarded, 0 others
2020-09-20 16:04:33,625 INFO  [BadQueryDetector] service.BadQueryDetector:148 : Detect bad query.
2020-09-20 16:04:34,209 DEBUG [streaming_job_submitter-thread-1] coordinate.BuildJobSubmitter:142 : 
========================================================================= 2
2020-09-20 16:04:34,210 TRACE [streaming_job_submitter-thread-1] coordinate.BuildJobSubmitter:530 : Dump JobCheckList:	
2020-09-20 16:04:36,587 INFO  [FetcherRunner 1922151512-57] threadpool.DefaultFetcherRunner:115 : Job Fetcher: 0 should running, 0 actual running, 0 stopped, 0 ready, 10 already succeed, 2 error, 0 discarded, 0 others
